{"numTotalTestSuites":274,"numPassedTestSuites":274,"numFailedTestSuites":0,"numPendingTestSuites":0,"numTotalTests":1327,"numPassedTests":1327,"numFailedTests":0,"numPendingTests":0,"numTodoTests":0,"snapshot":{"added":0,"failure":false,"filesAdded":0,"filesRemoved":0,"filesRemovedList":[],"filesUnmatched":0,"filesUpdated":0,"matched":0,"total":0,"unchecked":0,"uncheckedKeysByFile":[],"unmatched":0,"updated":0,"didUpdate":false},"startTime":1781848515213,"success":true,"testResults":[{"assertionResults":[{"ancestorTitles":["App WindowShell 组合契约"],"fullName":"App WindowShell 组合契约 BOARD 模式下将壳内内容与壳外浮层分离","status":"passed","title":"BOARD 模式下将壳内内容与壳外浮层分离","duration":61.96159999999986,"failureMessages":[],"meta":{},"tags":[]},{"ancestorTitles":["App WindowShell 组合契约"],"fullName":"App WindowShell 组合契约 将当前看板名称同步到托盘 tooltip，正常状态不附带保存状态","status":"passed","title":"将当前看板名称同步到托盘 tooltip，正常状态不附带保存状态","duration":6.660599999999931,"failureMessages":[],"meta":{},"tags":[]},{"ancestorTitles":["App WindowShell 组合契约"],"fullName":"App WindowShell 组合契约 保存失败时更新托盘 tooltip 状态","status":"passed","title":"保存失败时更新托盘 tooltip 状态","duration":9.278400000000147,"failureMessages":[],"meta":{},"tags":[]},{"ancestorTitles":["App WindowShell 组合契约"],"fullName":"App WindowShell 组合契约 保存中时更新托盘 tooltip 状态","status":"passed","title":"保存中时更新托盘 tooltip 状态","duration":6.088600000000042,"failureMessages":[],"meta":{},"tags":[]},{"ancestorTitles":["App WindowShell 组合契约"],"fullName":"App WindowShell 组合契约 收到全局快捷键注册失败事件后显示提示","status":"passed","title":"收到全局快捷键注册失败事件后显示提示","duration":8.11279999999988,"failureMessages":[],"meta":{},"tags":[]},{"ancestorTitles":["App WindowShell 组合契约"],"fullName":"App WindowShell 组合契约 切换到 TRASH 时保留同一个 WindowShell，只替换内容槽","status":"passed","title":"切换到 TRASH 时保留同一个 WindowShell，只替换内容槽","duration":6.642599999999902,"failureMessages":[],"meta":{},"tags":[]},{"ancestorTitles":["App WindowShell 组合契约"],"fullName":"App WindowShell 组合契约 收到 pin-state-changed 事件后写入全局 pinned 状态","status":"passed","title":"收到 pin-state-changed 事件后写入全局 pinned 状态","duration":7.932299999999941,"failureMessages":[],"meta":{},"tags":[]},{"ancestorTitles":["App WindowShell 组合契约"],"fullName":"App WindowShell 组合契约 托盘非鼠标入口使用统一视口落点并连续错位","status":"passed","title":"托盘非鼠标入口使用统一视口落点并连续错位","duration":9.160100000000057,"failureMessages":[],"meta":{},"tags":[]},{"ancestorTitles":["App WindowShell 组合契约"],"fullName":"App WindowShell 组合契约 TRASH 下托盘新建先切回 BOARD 再延迟创建便签","status":"passed","title":"TRASH 下托盘新建先切回 BOARD 再延迟创建便签","duration":31.523799999999937,"failureMessages":[],"meta":{},"tags":[]},{"ancestorTitles":["App WindowShell 组合契约"],"fullName":"App WindowShell 组合契约 TRASH 下托盘剪贴板先切回 BOARD 再延迟创建便签","status":"passed","title":"TRASH 下托盘剪贴板先切回 BOARD 再延迟创建便签","duration":30.25850000000014,"failureMessages":[],"meta":{},"tags":[]},{"ancestorTitles":["App WindowShell 组合契约"],"fullName":"App WindowShell 组合契约 TRASH 下 open-quick-capture 先切回 BOARD 再延迟打开","status":"passed","title":"TRASH 下 open-quick-capture 先切回 BOARD 再延迟打开","duration":31.086799999999812,"failureMessages":[],"meta":{},"tags":[]},{"ancestorTitles":["App WindowShell 组合契约"],"fullName":"App WindowShell 组合契约 WindowShell 内容矩形变化时同步更新 viewport 与 shellRect","status":"passed","title":"WindowShell 内容矩形变化时同步更新 viewport 与 shellRect","duration":5.632000000000062,"failureMessages":[],"meta":{},"tags":[]},{"ancestorTitles":["App WindowShell 组合契约"],"fullName":"App WindowShell 组合契约 收到 detached-note:closed 事件后清理撕下便签运行态映射","status":"passed","title":"收到 detached-note:closed 事件后清理撕下便签运行态映射","duration":5.717300000000023,"failureMessages":[],"meta":{},"tags":[]},{"ancestorTitles":["App WindowShell 组合契约"],"fullName":"App WindowShell 组合契约 收到 detached-note:show-all 事件后恢复所有撕下窗口","status":"passed","title":"收到 detached-note:show-all 事件后恢复所有撕下窗口","duration":5.4846,"failureMessages":[],"meta":{},"tags":[]},{"ancestorTitles":["App WindowShell 组合契约"],"fullName":"App WindowShell 组合契约 收到 detached-note:locate 事件后调用 locateDetachedNote 编排定位","status":"passed","title":"收到 detached-note:locate 事件后调用 locateDetachedNote 编排定位","duration":6.212999999999965,"failureMessages":[],"meta":{},"tags":[]},{"ancestorTitles":["App 撕下窗口集成契约"],"fullName":"App 撕下窗口集成契约 主窗口不再渲染 v1.4.5 旧撕下浮层，避免撕下后出现两个视图","status":"passed","title":"主窗口不再渲染 v1.4.5 旧撕下浮层，避免撕下后出现两个视图","duration":5.434399999999869,"failureMessages":[],"meta":{},"tags":[]}],"startTime":1781848528097,"endTime":1781848528335.4343,"status":"passed","message":"","name":"D:/Github/So-Notes/src/App.test.tsx"},{"assertionResults":[{"ancestorTitles":["BoardDock v1.2.4 最小修复"],"fullName":"BoardDock v1.2.4 最小修复 保持共享浮层层级合同顺序稳定","status":"passed","title":"保持共享浮层层级合同顺序稳定","duration":10.591899999999896,"failureMessages":[],"meta":{},"tags":[]},{"ancestorTitles":["BoardDock v1.2.4 最小修复"],"fullName":"BoardDock v1.2.4 最小修复 click-away backdrop 显式恢复 pointer-events，并继续关闭 dock","status":"passed","title":"click-away backdrop 显式恢复 pointer-events，并继续关闭 dock","duration":42.90830000000028,"failureMessages":[],"meta":{},"tags":[]},{"ancestorTitles":["BoardDock v1.2.4 最小修复"],"fullName":"BoardDock v1.2.4 最小修复 右键看板时菜单锚点按容器内真实中心点定位","status":"passed","title":"右键看板时菜单锚点按容器内真实中心点定位","duration":19.48199999999997,"failureMessages":[],"meta":{},"tags":[]},{"ancestorTitles":["BoardDock v1.2.4 最小修复"],"fullName":"BoardDock v1.2.4 最小修复 锚点计算不依赖 transform 后的屏幕坐标","status":"passed","title":"锚点计算不依赖 transform 后的屏幕坐标","duration":10.2496000000001,"failureMessages":[],"meta":{},"tags":[]},{"ancestorTitles":["BoardDock v1.2.4 最小修复"],"fullName":"BoardDock v1.2.4 最小修复 恢复成功后在数据管理区保留局部反馈","status":"passed","title":"恢复成功后在数据管理区保留局部反馈","duration":43.16139999999996,"failureMessages":[],"meta":{},"tags":[]},{"ancestorTitles":["BoardDock v1.2.4 最小修复"],"fullName":"BoardDock v1.2.4 最小修复 保存中状态显示为保存中","status":"passed","title":"保存中状态显示为保存中","duration":29.192199999999957,"failureMessages":[],"meta":{},"tags":[]},{"ancestorTitles":["BoardDock v1.2.4 最小修复"],"fullName":"BoardDock v1.2.4 最小修复 保存失败状态显示失败文案与错误详情","status":"passed","title":"保存失败状态显示失败文案与错误详情","duration":22.308600000000297,"failureMessages":[],"meta":{},"tags":[]},{"ancestorTitles":["BoardDock v1.2.4 最小修复"],"fullName":"BoardDock v1.2.4 最小修复 取消恢复时显示取消反馈","status":"passed","title":"取消恢复时显示取消反馈","duration":35.21349999999984,"failureMessages":[],"meta":{},"tags":[]},{"ancestorTitles":["BoardDock v1.2.4 最小修复"],"fullName":"BoardDock v1.2.4 最小修复 恢复失败时显示错误反馈","status":"passed","title":"恢复失败时显示错误反馈","duration":35.32089999999971,"failureMessages":[],"meta":{},"tags":[]},{"ancestorTitles":["BoardDock v1.2.4 最小修复"],"fullName":"BoardDock v1.2.4 最小修复 写入失败回滚时额外提示已回滚","status":"passed","title":"写入失败回滚时额外提示已回滚","duration":35.3759,"failureMessages":[],"meta":{},"tags":[]},{"ancestorTitles":["BoardDock v1.2.4 最小修复"],"fullName":"BoardDock v1.2.4 最小修复 存在摘要时显示导入计数","status":"passed","title":"存在摘要时显示导入计数","duration":33.41170000000011,"failureMessages":[],"meta":{},"tags":[]},{"ancestorTitles":["BoardDock v1.2.4 最小修复"],"fullName":"BoardDock v1.2.4 最小修复 存在迁移与回退摘要时显示额外说明","status":"passed","title":"存在迁移与回退摘要时显示额外说明","duration":33.315900000000056,"failureMessages":[],"meta":{},"tags":[]},{"ancestorTitles":["BoardDock v1.2.4 最小修复"],"fullName":"BoardDock v1.2.4 最小修复 关闭设置面板后重新打开数据管理时不会残留旧导入反馈","status":"passed","title":"关闭设置面板后重新打开数据管理时不会残留旧导入反馈","duration":51.723799999999756,"failureMessages":[],"meta":{},"tags":[]},{"ancestorTitles":["BoardDock v1.2.4 最小修复"],"fullName":"BoardDock v1.2.4 最小修复 展示看板活跃便签计数并在删除确认中排除已删除便签","status":"passed","title":"展示看板活跃便签计数并在删除确认中排除已删除便签","duration":16.959400000000187,"failureMessages":[],"meta":{},"tags":[]},{"ancestorTitles":["BoardDock v1.2.4 最小修复"],"fullName":"BoardDock v1.2.4 最小修复 viewMode=TRASH 且 isDockVisible=false 时不渲染 Dock","status":"passed","title":"viewMode=TRASH 且 isDockVisible=false 时不渲染 Dock","duration":2.7451999999998407,"failureMessages":[],"meta":{},"tags":[]},{"ancestorTitles":["BoardDock v1.2.4 最小修复"],"fullName":"BoardDock v1.2.4 最小修复 zip 备份按钮在数据管理区可见","status":"passed","title":"zip 备份按钮在数据管理区可见","duration":21.62940000000026,"failureMessages":[],"meta":{},"tags":[]},{"ancestorTitles":["BoardDock v1.2.4 最小修复"],"fullName":"BoardDock v1.2.4 最小修复 zip 恢复按钮在数据管理区可见","status":"passed","title":"zip 恢复按钮在数据管理区可见","duration":23.54430000000002,"failureMessages":[],"meta":{},"tags":[]},{"ancestorTitles":["BoardDock v1.2.4 最小修复"],"fullName":"BoardDock v1.2.4 最小修复 zip 备份成功后显示成功反馈","status":"passed","title":"zip 备份成功后显示成功反馈","duration":36.122499999999945,"failureMessages":[],"meta":{},"tags":[]},{"ancestorTitles":["BoardDock v1.2.4 最小修复"],"fullName":"BoardDock v1.2.4 最小修复 zip 备份取消对话框时不执行备份","status":"passed","title":"zip 备份取消对话框时不执行备份","duration":23.859699999999975,"failureMessages":[],"meta":{},"tags":[]},{"ancestorTitles":["BoardDock v1.2.4 最小修复"],"fullName":"BoardDock v1.2.4 最小修复 zip 备份失败时显示错误反馈","status":"passed","title":"zip 备份失败时显示错误反馈","duration":31.895500000000084,"failureMessages":[],"meta":{},"tags":[]},{"ancestorTitles":["BoardDock v1.2.4 最小修复"],"fullName":"BoardDock v1.2.4 最小修复 zip 恢复成功后替换前端状态并清空历史","status":"passed","title":"zip 恢复成功后替换前端状态并清空历史","duration":41.858900000000176,"failureMessages":[],"meta":{},"tags":[]},{"ancestorTitles":["BoardDock v1.2.4 最小修复"],"fullName":"BoardDock v1.2.4 最小修复 zip 恢复取消确认时不执行恢复","status":"passed","title":"zip 恢复取消确认时不执行恢复","duration":30.673499999999876,"failureMessages":[],"meta":{},"tags":[]},{"ancestorTitles":["BoardDock v1.2.4 最小修复"],"fullName":"BoardDock v1.2.4 最小修复 zip 恢复对话框取消时不执行恢复","status":"passed","title":"zip 恢复对话框取消时不执行恢复","duration":24.561199999999644,"failureMessages":[],"meta":{},"tags":[]},{"ancestorTitles":["BoardDock v1.2.4 最小修复"],"fullName":"BoardDock v1.2.4 最小修复 zip 恢复失败时显示错误反馈并恢复持久化","status":"passed","title":"zip 恢复失败时显示错误反馈并恢复持久化","duration":30.54220000000032,"failureMessages":[],"meta":{},"tags":[]},{"ancestorTitles":["BoardDock v1.2.4 最小修复"],"fullName":"BoardDock v1.2.4 最小修复 关闭设置面板后不残留 zip 反馈","status":"passed","title":"关闭设置面板后不残留 zip 反馈","duration":36.56309999999985,"failureMessages":[],"meta":{},"tags":[]},{"ancestorTitles":["BoardDock v1.2.4 最小修复"],"fullName":"BoardDock v1.2.4 最小修复 viewMode=TRASH 时 zip 备份仍可正常执行（persistence facade 可用）","status":"passed","title":"viewMode=TRASH 时 zip 备份仍可正常执行（persistence facade 可用）","duration":28.352800000000116,"failureMessages":[],"meta":{},"tags":[]},{"ancestorTitles":["BoardDock v1.2.4 最小修复"],"fullName":"BoardDock v1.2.4 最小修复 viewMode=TRASH 时 zip 恢复仍可正常执行（persistence facade 可用）","status":"passed","title":"viewMode=TRASH 时 zip 恢复仍可正常执行（persistence facade 可用）","duration":18.743299999999635,"failureMessages":[],"meta":{},"tags":[]},{"ancestorTitles":["BoardDock v1.2.4 最小修复"],"fullName":"BoardDock v1.2.4 最小修复 zip 恢复验证失败时不调用 flush/pause/restore","status":"passed","title":"zip 恢复验证失败时不调用 flush/pause/restore","duration":11.355099999999766,"failureMessages":[],"meta":{},"tags":[]},{"ancestorTitles":["BoardDock v1.2.4 最小修复"],"fullName":"BoardDock v1.2.4 最小修复 zip 恢复验证失败时使用 fallback 文案（errors 无 message）","status":"passed","title":"zip 恢复验证失败时使用 fallback 文案（errors 无 message）","duration":15.310699999999997,"failureMessages":[],"meta":{},"tags":[]},{"ancestorTitles":["BoardDock v1.2.4 最小修复"],"fullName":"BoardDock v1.2.4 最小修复 zip 恢复验证失败（多条错误）时展示错误数量与所有错误信息","status":"passed","title":"zip 恢复验证失败（多条错误）时展示错误数量与所有错误信息","duration":10.571699999999964,"failureMessages":[],"meta":{},"tags":[]},{"ancestorTitles":["BoardDock v1.2.4 最小修复"],"fullName":"BoardDock v1.2.4 最小修复 zip 恢复验证成功但用户取消摘要确认时不调用 flush/pause/restore","status":"passed","title":"zip 恢复验证成功但用户取消摘要确认时不调用 flush/pause/restore","duration":8.582300000000032,"failureMessages":[],"meta":{},"tags":[]},{"ancestorTitles":["BoardDock v1.2.4 最小修复"],"fullName":"BoardDock v1.2.4 最小修复 zip 恢复验证成功且用户确认后执行完整恢复流程","status":"passed","title":"zip 恢复验证成功且用户确认后执行完整恢复流程","duration":13.768100000000231,"failureMessages":[],"meta":{},"tags":[]},{"ancestorTitles":["BoardDock 图片文件一致性管理入口"],"fullName":"BoardDock 图片文件一致性管理入口 扫描按钮在数据管理区可见","status":"passed","title":"扫描按钮在数据管理区可见","duration":9.470100000000002,"failureMessages":[],"meta":{},"tags":[]},{"ancestorTitles":["BoardDock 图片文件一致性管理入口"],"fullName":"BoardDock 图片文件一致性管理入口 扫描后显示缺失图片和孤儿图片计数","status":"passed","title":"扫描后显示缺失图片和孤儿图片计数","duration":11.65689999999995,"failureMessages":[],"meta":{},"tags":[]},{"ancestorTitles":["BoardDock 图片文件一致性管理入口"],"fullName":"BoardDock 图片文件一致性管理入口 孤儿数为 0 时不显示清理按钮","status":"passed","title":"孤儿数为 0 时不显示清理按钮","duration":8.6225000000004,"failureMessages":[],"meta":{},"tags":[]},{"ancestorTitles":["BoardDock 图片文件一致性管理入口"],"fullName":"BoardDock 图片文件一致性管理入口 孤儿数大于 0 时显示清理按钮","status":"passed","title":"孤儿数大于 0 时显示清理按钮","duration":10.090799999999945,"failureMessages":[],"meta":{},"tags":[]},{"ancestorTitles":["BoardDock 图片文件一致性管理入口"],"fullName":"BoardDock 图片文件一致性管理入口 确认清理后删除孤儿文件并清空历史","status":"passed","title":"确认清理后删除孤儿文件并清空历史","duration":15.24350000000004,"failureMessages":[],"meta":{},"tags":[]},{"ancestorTitles":["BoardDock 图片文件一致性管理入口"],"fullName":"BoardDock 图片文件一致性管理入口 取消确认时不删除文件","status":"passed","title":"取消确认时不删除文件","duration":10.286699999999655,"failureMessages":[],"meta":{},"tags":[]},{"ancestorTitles":["BoardDock 图片文件一致性管理入口"],"fullName":"BoardDock 图片文件一致性管理入口 Trash 中便签引用的附件不被判定为孤儿","status":"passed","title":"Trash 中便签引用的附件不被判定为孤儿","duration":9.404399999999896,"failureMessages":[],"meta":{},"tags":[]},{"ancestorTitles":["BoardDock 图片文件一致性管理入口"],"fullName":"BoardDock 图片文件一致性管理入口 扫描出错时显示错误信息","status":"passed","title":"扫描出错时显示错误信息","duration":11.11830000000009,"failureMessages":[],"meta":{},"tags":[]},{"ancestorTitles":["BoardDock WebDAV 远端备份/恢复"],"fullName":"BoardDock WebDAV 远端备份/恢复 数据管理区显示远端备份/恢复入口按钮","status":"passed","title":"数据管理区显示远端备份/恢复入口按钮","duration":7.341800000000148,"failureMessages":[],"meta":{},"tags":[]},{"ancestorTitles":["BoardDock WebDAV 远端备份/恢复"],"fullName":"BoardDock WebDAV 远端备份/恢复 点击入口后进入 WEBDAV 视图并显示配置输入框","status":"passed","title":"点击入口后进入 WEBDAV 视图并显示配置输入框","duration":16.478900000000067,"failureMessages":[],"meta":{},"tags":[]},{"ancestorTitles":["BoardDock WebDAV 远端备份/恢复"],"fullName":"BoardDock WebDAV 远端备份/恢复 加载配置失败时显示错误反馈","status":"passed","title":"加载配置失败时显示错误反馈","duration":16.147100000000137,"failureMessages":[],"meta":{},"tags":[]},{"ancestorTitles":["BoardDock WebDAV 远端备份/恢复"],"fullName":"BoardDock WebDAV 远端备份/恢复 保存配置调用 saveConfig 服务","status":"passed","title":"保存配置调用 saveConfig 服务","duration":25.02330000000029,"failureMessages":[],"meta":{},"tags":[]},{"ancestorTitles":["BoardDock WebDAV 远端备份/恢复"],"fullName":"BoardDock WebDAV 远端备份/恢复 测试连接调用 testConnection 服务","status":"passed","title":"测试连接调用 testConnection 服务","duration":19.930699999999888,"failureMessages":[],"meta":{},"tags":[]},{"ancestorTitles":["BoardDock WebDAV 远端备份/恢复"],"fullName":"BoardDock WebDAV 远端备份/恢复 创建远端备份先调用 flushNow 再调用 createRemoteBackup","status":"passed","title":"创建远端备份先调用 flushNow 再调用 createRemoteBackup","duration":62.009700000000066,"failureMessages":[],"meta":{},"tags":[]},{"ancestorTitles":["BoardDock WebDAV 远端备份/恢复"],"fullName":"BoardDock WebDAV 远端备份/恢复 手动远端备份成功后使用 runner 捕获的 flush 后时间戳更新最近成功快照","status":"passed","title":"手动远端备份成功后使用 runner 捕获的 flush 后时间戳更新最近成功快照","duration":57.52089999999998,"failureMessages":[],"meta":{},"tags":[]},{"ancestorTitles":["BoardDock WebDAV 远端备份/恢复"],"fullName":"BoardDock WebDAV 远端备份/恢复 flushNow 失败时不调用 createRemoteBackup","status":"passed","title":"flushNow 失败时不调用 createRemoteBackup","duration":64.54979999999978,"failureMessages":[],"meta":{},"tags":[]},{"ancestorTitles":["BoardDock WebDAV 远端备份/恢复"],"fullName":"BoardDock WebDAV 远端备份/恢复 创建远端备份收到字符串异常时显示具体错误","status":"passed","title":"创建远端备份收到字符串异常时显示具体错误","duration":47.369800000000396,"failureMessages":[],"meta":{},"tags":[]},{"ancestorTitles":["BoardDock WebDAV 远端备份/恢复"],"fullName":"BoardDock WebDAV 远端备份/恢复 刷新远端列表后渲染备份文件信息","status":"passed","title":"刷新远端列表后渲染备份文件信息","duration":54.3433,"failureMessages":[],"meta":{},"tags":[]},{"ancestorTitles":["BoardDock WebDAV 远端备份/恢复"],"fullName":"BoardDock WebDAV 远端备份/恢复 删除远端备份取消确认时不调用删除服务","status":"passed","title":"删除远端备份取消确认时不调用删除服务","duration":48.467499999999745,"failureMessages":[],"meta":{},"tags":[]},{"ancestorTitles":["BoardDock WebDAV 远端备份/恢复"],"fullName":"BoardDock WebDAV 远端备份/恢复 删除远端备份成功后刷新列表","status":"passed","title":"删除远端备份成功后刷新列表","duration":64.83050000000003,"failureMessages":[],"meta":{},"tags":[]},{"ancestorTitles":["BoardDock WebDAV 远端备份/恢复"],"fullName":"BoardDock WebDAV 远端备份/恢复 远端恢复取消确认时不调用任何服务","status":"passed","title":"远端恢复取消确认时不调用任何服务","duration":54.81410000000005,"failureMessages":[],"meta":{},"tags":[]},{"ancestorTitles":["BoardDock WebDAV 远端备份/恢复"],"fullName":"BoardDock WebDAV 远端备份/恢复 远端恢复初始确认不含覆盖/不可撤销措辞","status":"passed","title":"远端恢复初始确认不含覆盖/不可撤销措辞","duration":47.72449999999981,"failureMessages":[],"meta":{},"tags":[]},{"ancestorTitles":["BoardDock WebDAV 远端备份/恢复"],"fullName":"BoardDock WebDAV 远端备份/恢复 远端恢复成功后调用完整流程并更新反馈","status":"passed","title":"远端恢复成功后调用完整流程并更新反馈","duration":54.80420000000004,"failureMessages":[],"meta":{},"tags":[]},{"ancestorTitles":["BoardDock WebDAV 远端备份/恢复"],"fullName":"BoardDock WebDAV 远端备份/恢复 远端恢复验证失败时 cleanup token 并显示错误","status":"passed","title":"远端恢复验证失败时 cleanup token 并显示错误","duration":16.338999999999942,"failureMessages":[],"meta":{},"tags":[]},{"ancestorTitles":["BoardDock WebDAV 远端备份/恢复"],"fullName":"BoardDock WebDAV 远端备份/恢复 远端恢复验证失败（多条错误）时展示错误数量与所有错误信息","status":"passed","title":"远端恢复验证失败（多条错误）时展示错误数量与所有错误信息","duration":20.83719999999994,"failureMessages":[],"meta":{},"tags":[]},{"ancestorTitles":["BoardDock WebDAV 远端备份/恢复"],"fullName":"BoardDock WebDAV 远端备份/恢复 远端恢复摘要确认取消时 cleanup token 且不调用恢复","status":"passed","title":"远端恢复摘要确认取消时 cleanup token 且不调用恢复","duration":17.456199999999626,"failureMessages":[],"meta":{},"tags":[]},{"ancestorTitles":["BoardDock WebDAV 远端备份/恢复"],"fullName":"BoardDock WebDAV 远端备份/恢复 远端恢复 restoreLocalBackup 失败时 cleanup token 并恢复持久化","status":"passed","title":"远端恢复 restoreLocalBackup 失败时 cleanup token 并恢复持久化","duration":17.803199999999833,"failureMessages":[],"meta":{},"tags":[]},{"ancestorTitles":["BoardDock WebDAV 远端备份/恢复"],"fullName":"BoardDock WebDAV 远端备份/恢复 远端恢复 validateLocalBackup 抛异常时 cleanup token","status":"passed","title":"远端恢复 validateLocalBackup 抛异常时 cleanup token","duration":19.48050000000012,"failureMessages":[],"meta":{},"tags":[]},{"ancestorTitles":["BoardDock WebDAV 远端备份/恢复"],"fullName":"BoardDock WebDAV 远端备份/恢复 远端恢复 flushNow 失败时 cleanup token 且不调用恢复","status":"passed","title":"远端恢复 flushNow 失败时 cleanup token 且不调用恢复","duration":17.263500000000022,"failureMessages":[],"meta":{},"tags":[]},{"ancestorTitles":["BoardDock WebDAV 远端备份/恢复"],"fullName":"BoardDock WebDAV 远端备份/恢复 勾选记住密码但密码为空时不调用 saveConfig","status":"passed","title":"勾选记住密码但密码为空时不调用 saveConfig","duration":20.736699999999928,"failureMessages":[],"meta":{},"tags":[]},{"ancestorTitles":["BoardDock WebDAV 远端备份/恢复"],"fullName":"BoardDock WebDAV 远端备份/恢复 勾选记住密码且密码非空时调用 saveConfig","status":"passed","title":"勾选记住密码且密码非空时调用 saveConfig","duration":19.141700000000128,"failureMessages":[],"meta":{},"tags":[]},{"ancestorTitles":["BoardDock WebDAV 远端备份/恢复"],"fullName":"BoardDock WebDAV 远端备份/恢复 loadConfig 返回 passwordSaved=true 时显示已保存状态","status":"passed","title":"loadConfig 返回 passwordSaved=true 时显示已保存状态","duration":10.300000000000182,"failureMessages":[],"meta":{},"tags":[]},{"ancestorTitles":["BoardDock WebDAV 远端备份/恢复"],"fullName":"BoardDock WebDAV 远端备份/恢复 保存配置返回 warning 时展示 warning 文案","status":"passed","title":"保存配置返回 warning 时展示 warning 文案","duration":17.488800000000083,"failureMessages":[],"meta":{},"tags":[]},{"ancestorTitles":["BoardDock WebDAV 远端备份/恢复"],"fullName":"BoardDock WebDAV 远端备份/恢复 passwordSaved=true 且密码为空时测试连接可调用服务","status":"passed","title":"passwordSaved=true 且密码为空时测试连接可调用服务","duration":15.847400000000107,"failureMessages":[],"meta":{},"tags":[]},{"ancestorTitles":["BoardDock WebDAV 远端备份/恢复"],"fullName":"BoardDock WebDAV 远端备份/恢复 passwordSaved=false 且密码为空时不调用网络服务并显示提示","status":"passed","title":"passwordSaved=false 且密码为空时不调用网络服务并显示提示","duration":14.052500000000236,"failureMessages":[],"meta":{},"tags":[]},{"ancestorTitles":["BoardDock WebDAV 远端备份/恢复"],"fullName":"BoardDock WebDAV 远端备份/恢复 创建远端备份缺凭据时不调用 flushNow","status":"passed","title":"创建远端备份缺凭据时不调用 flushNow","duration":16.429200000000037,"failureMessages":[],"meta":{},"tags":[]},{"ancestorTitles":["BoardDock WebDAV 远端备份/恢复"],"fullName":"BoardDock WebDAV 远端备份/恢复 Rust 返回凭据错误时显示重新输入提示","status":"passed","title":"Rust 返回凭据错误时显示重新输入提示","duration":12.169900000000325,"failureMessages":[],"meta":{},"tags":[]},{"ancestorTitles":["BoardDock WebDAV 远端备份/恢复"],"fullName":"BoardDock WebDAV 远端备份/恢复 清除配置成功含 secretCleanupWarning 时展示 warning","status":"passed","title":"清除配置成功含 secretCleanupWarning 时展示 warning","duration":13.841899999999896,"failureMessages":[],"meta":{},"tags":[]},{"ancestorTitles":["BoardDock WebDAV 远端备份/恢复"],"fullName":"BoardDock WebDAV 远端备份/恢复 清除配置成功后 passwordSaved 状态重置","status":"passed","title":"清除配置成功后 passwordSaved 状态重置","duration":15.758000000000266,"failureMessages":[],"meta":{},"tags":[]},{"ancestorTitles":["BoardDock 恢复流程与 BackupJobCoordinator 集成"],"fullName":"BoardDock 恢复流程与 BackupJobCoordinator 集成 本地 zip 恢复期间有活跃备份任务时显示错误","status":"passed","title":"本地 zip 恢复期间有活跃备份任务时显示错误","duration":10.477100000000064,"failureMessages":[],"meta":{},"tags":[]},{"ancestorTitles":["BoardDock 恢复流程与 BackupJobCoordinator 集成"],"fullName":"BoardDock 恢复流程与 BackupJobCoordinator 集成 远端恢复期间有活跃备份任务时显示错误","status":"passed","title":"远端恢复期间有活跃备份任务时显示错误","duration":16.022899999999936,"failureMessages":[],"meta":{},"tags":[]},{"ancestorTitles":["BoardDock 恢复流程与 BackupJobCoordinator 集成"],"fullName":"BoardDock 恢复流程与 BackupJobCoordinator 集成 活跃恢复期间手动远端备份被协调器阻止","status":"passed","title":"活跃恢复期间手动远端备份被协调器阻止","duration":17.183400000000347,"failureMessages":[],"meta":{},"tags":[]},{"ancestorTitles":["BoardDock 恢复流程与 BackupJobCoordinator 集成"],"fullName":"BoardDock 恢复流程与 BackupJobCoordinator 集成 本地 zip 恢复异常时释放协调器任务并恢复持久化","status":"passed","title":"本地 zip 恢复异常时释放协调器任务并恢复持久化","duration":8.20450000000028,"failureMessages":[],"meta":{},"tags":[]},{"ancestorTitles":["BoardDock 恢复流程与 BackupJobCoordinator 集成"],"fullName":"BoardDock 恢复流程与 BackupJobCoordinator 集成 远端恢复异常时释放协调器任务并恢复持久化","status":"passed","title":"远端恢复异常时释放协调器任务并恢复持久化","duration":18.49810000000025,"failureMessages":[],"meta":{},"tags":[]},{"ancestorTitles":["BoardDock 恢复流程与 BackupJobCoordinator 集成"],"fullName":"BoardDock 恢复流程与 BackupJobCoordinator 集成 本地 zip 恢复成功后释放协调器任务","status":"passed","title":"本地 zip 恢复成功后释放协调器任务","duration":10.259999999999764,"failureMessages":[],"meta":{},"tags":[]},{"ancestorTitles":["BoardDock 恢复流程与 BackupJobCoordinator 集成"],"fullName":"BoardDock 恢复流程与 BackupJobCoordinator 集成 远端恢复成功后释放协调器任务","status":"passed","title":"远端恢复成功后释放协调器任务","duration":21.872899999999845,"failureMessages":[],"meta":{},"tags":[]},{"ancestorTitles":["BoardDock 定时远端备份 UI"],"fullName":"BoardDock 定时远端备份 UI 默认关闭自动远端备份","status":"passed","title":"默认关闭自动远端备份","duration":11.264599999999973,"failureMessages":[],"meta":{},"tags":[]},{"ancestorTitles":["BoardDock 定时远端备份 UI"],"fullName":"BoardDock 定时远端备份 UI 显式启用自动远端备份后持久化配置","status":"passed","title":"显式启用自动远端备份后持久化配置","duration":15.856600000000071,"failureMessages":[],"meta":{},"tags":[]},{"ancestorTitles":["BoardDock 定时远端备份 UI"],"fullName":"BoardDock 定时远端备份 UI passwordSaved=false 时自动备份开关 disabled","status":"passed","title":"passwordSaved=false 时自动备份开关 disabled","duration":13.475100000000111,"failureMessages":[],"meta":{},"tags":[]},{"ancestorTitles":["BoardDock 定时远端备份 UI"],"fullName":"BoardDock 定时远端备份 UI passwordSaved=false 时点击开关不调用 saveConfig","status":"passed","title":"passwordSaved=false 时点击开关不调用 saveConfig","duration":12.481499999999869,"failureMessages":[],"meta":{},"tags":[]},{"ancestorTitles":["BoardDock 定时远端备份 UI"],"fullName":"BoardDock 定时远端备份 UI 频率选择变更后持久化","status":"passed","title":"频率选择变更后持久化","duration":17.937400000000252,"failureMessages":[],"meta":{},"tags":[]},{"ancestorTitles":["BoardDock 定时远端备份 UI"],"fullName":"BoardDock 定时远端备份 UI 频率变更后立即刷新显示的下次尝试时间","status":"passed","title":"频率变更后立即刷新显示的下次尝试时间","duration":31.291400000000067,"failureMessages":[],"meta":{},"tags":[]},{"ancestorTitles":["BoardDock 定时远端备份 UI"],"fullName":"BoardDock 定时远端备份 UI scheduler 为 null 时频率变更仍更新下次尝试时间","status":"passed","title":"scheduler 为 null 时频率变更仍更新下次尝试时间","duration":51.28560000000016,"failureMessages":[],"meta":{},"tags":[]},{"ancestorTitles":["BoardDock 定时远端备份 UI"],"fullName":"BoardDock 定时远端备份 UI 退出前提醒开关变更后持久化","status":"passed","title":"退出前提醒开关变更后持久化","duration":60.32829999999967,"failureMessages":[],"meta":{},"tags":[]},{"ancestorTitles":["BoardDock 定时远端备份 UI"],"fullName":"BoardDock 定时远端备份 UI 最近自动备份成功后显示状态","status":"passed","title":"最近自动备份成功后显示状态","duration":42.72980000000007,"failureMessages":[],"meta":{},"tags":[]},{"ancestorTitles":["BoardDock 定时远端备份 UI"],"fullName":"BoardDock 定时远端备份 UI 最近失败原因显示在状态区","status":"passed","title":"最近失败原因显示在状态区","duration":39.03930000000037,"failureMessages":[],"meta":{},"tags":[]},{"ancestorTitles":["BoardDock 定时远端备份 UI"],"fullName":"BoardDock 定时远端备份 UI 自动备份区域不含\"同步\"文案","status":"passed","title":"自动备份区域不含\"同步\"文案","duration":43.34279999999944,"failureMessages":[],"meta":{},"tags":[]},{"ancestorTitles":["BoardDock 定时远端备份 UI"],"fullName":"BoardDock 定时远端备份 UI 关闭自动备份后不显示频率和退出提示控件","status":"passed","title":"关闭自动备份后不显示频率和退出提示控件","duration":36.237999999999374,"failureMessages":[],"meta":{},"tags":[]},{"ancestorTitles":["BoardDock 定时远端备份 UI"],"fullName":"BoardDock 定时远端备份 UI 清除 WebDAV 配置后自动关闭定时备份","status":"passed","title":"清除 WebDAV 配置后自动关闭定时备份","duration":57.124299999999494,"failureMessages":[],"meta":{},"tags":[]},{"ancestorTitles":["BoardDock 定时远端备份 UI"],"fullName":"BoardDock 定时远端备份 UI WebDAV 设置区不引入水平溢出的固定宽度","status":"passed","title":"WebDAV 设置区不引入水平溢出的固定宽度","duration":38.58010000000013,"failureMessages":[],"meta":{},"tags":[]},{"ancestorTitles":["BoardDock 定时远端备份 UI"],"fullName":"BoardDock 定时远端备份 UI 密码保存后开启自动备份显示成功且不显示凭据警告","status":"passed","title":"密码保存后开启自动备份显示成功且不显示凭据警告","duration":88.57020000000011,"failureMessages":[],"meta":{},"tags":[]},{"ancestorTitles":["BoardDock 定时远端备份 UI"],"fullName":"BoardDock 定时远端备份 UI 从未备份过时显示退出提示","status":"passed","title":"从未备份过时显示退出提示","duration":35.85120000000006,"failureMessages":[],"meta":{},"tags":[]},{"ancestorTitles":["BoardDock 定时远端备份 UI"],"fullName":"BoardDock 定时远端备份 UI 最近成功时间仍在 30 分钟内但磁盘快照更新 → 显示退出提示","status":"passed","title":"最近成功时间仍在 30 分钟内但磁盘快照更新 → 显示退出提示","duration":28.567000000000007,"failureMessages":[],"meta":{},"tags":[]},{"ancestorTitles":["BoardDock 定时远端备份 UI"],"fullName":"BoardDock 定时远端备份 UI 手动备份失败时非枚举 errorStage 归一化为 unknown 且写入 capturedStorageUpdatedAt","status":"passed","title":"手动备份失败时非枚举 errorStage 归一化为 unknown 且写入 capturedStorageUpdatedAt","duration":15.105400000000373,"failureMessages":[],"meta":{},"tags":[]}],"startTime":1781848517713,"endTime":1781848520278.1055,"status":"passed","message":"","name":"D:/Github/So-Notes/src/components/BoardDock.test.tsx"},{"assertionResults":[{"ancestorTitles":["Canvas 空白命中判定"],"fullName":"Canvas 空白命中判定 双击空白画布时才新建便签","status":"passed","title":"双击空白画布时才新建便签","duration":86.16750000000002,"failureMessages":[],"meta":{},"tags":[]},{"ancestorTitles":["Canvas 空白命中判定"],"fullName":"Canvas 空白命中判定 画布获得粘贴事件时默认保留为一张便签","status":"passed","title":"画布获得粘贴事件时默认保留为一张便签","duration":10.567000000000007,"failureMessages":[],"meta":{},"tags":[]},{"ancestorTitles":["Canvas 空白命中判定"],"fullName":"Canvas 空白命中判定 双击 NoteCard 头部不会被误判为空白画布","status":"passed","title":"双击 NoteCard 头部不会被误判为空白画布","duration":19.99869999999987,"failureMessages":[],"meta":{},"tags":[]},{"ancestorTitles":["Canvas 空白命中判定"],"fullName":"Canvas 空白命中判定 点击头部按钮区不会触发空白命中的清空选择","status":"passed","title":"点击头部按钮区不会触发空白命中的清空选择","duration":12.111900000000105,"failureMessages":[],"meta":{},"tags":[]},{"ancestorTitles":["Canvas 空白命中判定"],"fullName":"Canvas 空白命中判定 点击空白画布仍会触发原有的清空选择逻辑","status":"passed","title":"点击空白画布仍会触发原有的清空选择逻辑","duration":6.70679999999993,"failureMessages":[],"meta":{},"tags":[]},{"ancestorTitles":["Canvas 空白命中判定"],"fullName":"Canvas 空白命中判定 画布根层可接收粘贴事件且不暴露默认焦点外框","status":"passed","title":"画布根层可接收粘贴事件且不暴露默认焦点外框","duration":5.689400000000205,"failureMessages":[],"meta":{},"tags":[]},{"ancestorTitles":["Canvas 空白命中判定"],"fullName":"Canvas 空白命中判定 非零 shell 偏移下框选框仍按画布局部坐标定位","status":"passed","title":"非零 shell 偏移下框选框仍按画布局部坐标定位","duration":8.332000000000107,"failureMessages":[],"meta":{},"tags":[]},{"ancestorTitles":["Canvas 空白命中判定"],"fullName":"Canvas 空白命中判定 空白单击不触发框选命中，仅清空选择","status":"passed","title":"空白单击不触发框选命中，仅清空选择","duration":8.276900000000069,"failureMessages":[],"meta":{},"tags":[]},{"ancestorTitles":["Canvas 空白命中判定"],"fullName":"Canvas 空白命中判定 非零 shell 偏移下框选 mouseup 命中正确扣除画布偏移","status":"passed","title":"非零 shell 偏移下框选 mouseup 命中正确扣除画布偏移","duration":4.74350000000004,"failureMessages":[],"meta":{},"tags":[]},{"ancestorTitles":["Canvas 空白命中判定"],"fullName":"Canvas 空白命中判定 折叠便签只按当前可视高度命中，不会命中展开后才会占据的下方区域","status":"passed","title":"折叠便签只按当前可视高度命中，不会命中展开后才会占据的下方区域","duration":6.08400000000006,"failureMessages":[],"meta":{},"tags":[]},{"ancestorTitles":["Canvas 空白命中判定"],"fullName":"Canvas 空白命中判定 Shift 空框选保持旧选择，不会因为空结果覆盖已有选中项","status":"passed","title":"Shift 空框选保持旧选择，不会因为空结果覆盖已有选中项","duration":7.645099999999957,"failureMessages":[],"meta":{},"tags":[]},{"ancestorTitles":["Canvas 空白命中判定"],"fullName":"Canvas 空白命中判定 拖拽锁开启时忽略空白画布双击与清空选择","status":"passed","title":"拖拽锁开启时忽略空白画布双击与清空选择","duration":5.382100000000037,"failureMessages":[],"meta":{},"tags":[]},{"ancestorTitles":["Canvas 空白命中判定"],"fullName":"Canvas 空白命中判定 leader drag session 活跃时即使 isDragging 为 false 也忽略空白画布双击与清空选择","status":"passed","title":"leader drag session 活跃时即使 isDragging 为 false 也忽略空白画布双击与清空选择","duration":6.264700000000175,"failureMessages":[],"meta":{},"tags":[]},{"ancestorTitles":["Canvas 空白命中判定"],"fullName":"Canvas 空白命中判定 深色模式下框选矩形使用更强的边框与填充可见性","status":"passed","title":"深色模式下框选矩形使用更强的边框与填充可见性","duration":36.084100000000035,"failureMessages":[],"meta":{},"tags":[]},{"ancestorTitles":["Canvas 空白命中判定"],"fullName":"Canvas 空白命中判定 背景平移采用事件驱动 rAF，静止不空转且失焦停机","status":"passed","title":"背景平移采用事件驱动 rAF，静止不空转且失焦停机","duration":6.272799999999961,"failureMessages":[],"meta":{},"tags":[]},{"ancestorTitles":["Canvas 空白命中判定"],"fullName":"Canvas 空白命中判定 Space 背景拖拽遵循抓手方向，向右下拖动时视口向左上移动","status":"passed","title":"Space 背景拖拽遵循抓手方向，向右下拖动时视口向左上移动","duration":11.408300000000054,"failureMessages":[],"meta":{},"tags":[]},{"ancestorTitles":["Canvas 空白命中判定"],"fullName":"Canvas 空白命中判定 抓手模式下从 NoteCard 的 data-note-pan-guard 拖动会启动画布平移","status":"passed","title":"抓手模式下从 NoteCard 的 data-note-pan-guard 拖动会启动画布平移","duration":10.595299999999952,"failureMessages":[],"meta":{},"tags":[]},{"ancestorTitles":["Canvas 空白命中判定"],"fullName":"Canvas 空白命中判定 active DragSession 便签即使旧布局位置被虚拟化裁剪也会保持渲染","status":"passed","title":"active DragSession 便签即使旧布局位置被虚拟化裁剪也会保持渲染","duration":5.093900000000076,"failureMessages":[],"meta":{},"tags":[]},{"ancestorTitles":["Canvas 空白命中判定"],"fullName":"Canvas 空白命中判定 没有 active DragSession 时视口外旧布局便签仍会被虚拟化裁剪","status":"passed","title":"没有 active DragSession 时视口外旧布局便签仍会被虚拟化裁剪","duration":2.125500000000102,"failureMessages":[],"meta":{},"tags":[]},{"ancestorTitles":["Canvas 空白命中判定"],"fullName":"Canvas 空白命中判定 拖拽中会临时禁用虚拟化，避免便签 DOM 被卸载导致 edgePush 中断","status":"passed","title":"拖拽中会临时禁用虚拟化，避免便签 DOM 被卸载导致 edgePush 中断","duration":5.27800000000002,"failureMessages":[],"meta":{},"tags":[]},{"ancestorTitles":["Canvas 空白命中判定"],"fullName":"Canvas 空白命中判定 sticky drag 中会临时禁用虚拟化，避免待放置便签被卸载","status":"passed","title":"sticky drag 中会临时禁用虚拟化，避免待放置便签被卸载","duration":6.409400000000005,"failureMessages":[],"meta":{},"tags":[]},{"ancestorTitles":["Canvas 空白命中判定"],"fullName":"Canvas 空白命中判定 sticky drag 失焦时进入 suspended 状态而不是直接清空","status":"passed","title":"sticky drag 失焦时进入 suspended 状态而不是直接清空","duration":5.473799999999983,"failureMessages":[],"meta":{},"tags":[]},{"ancestorTitles":["Canvas 空白命中判定"],"fullName":"Canvas 空白命中判定 sticky drag 按 Escape 会取消并恢复预览位置","status":"passed","title":"sticky drag 按 Escape 会取消并恢复预览位置","duration":9.593000000000075,"failureMessages":[],"meta":{},"tags":[]},{"ancestorTitles":["Canvas 空白命中判定"],"fullName":"Canvas 空白命中判定 sticky 群组落位与普通拖拽一致，按单卡贴边语义分别结算","status":"passed","title":"sticky 群组落位与普通拖拽一致，按单卡贴边语义分别结算","duration":17.03110000000015,"failureMessages":[],"meta":{},"tags":[]},{"ancestorTitles":["Canvas 空白命中判定"],"fullName":"Canvas 空白命中判定 普通虚拟化使用便签矩形相交判断，便签边缘进入缓冲区时仍会渲染","status":"passed","title":"普通虚拟化使用便签矩形相交判断，便签边缘进入缓冲区时仍会渲染","duration":5.250200000000177,"failureMessages":[],"meta":{},"tags":[]},{"ancestorTitles":["Canvas 空白命中判定"],"fullName":"Canvas 空白命中判定 边缘推动推进视口与选中便签世界坐标","status":"passed","title":"边缘推动推进视口与选中便签世界坐标","duration":9.476599999999962,"failureMessages":[],"meta":{},"tags":[]},{"ancestorTitles":["Canvas 空白命中判定"],"fullName":"Canvas 空白命中判定 边缘推动拖拽会话中 viewport 与所有拖拽便签读取同一 DragSession 位置","status":"passed","title":"边缘推动拖拽会话中 viewport 与所有拖拽便签读取同一 DragSession 位置","duration":9.70659999999998,"failureMessages":[],"meta":{},"tags":[]},{"ancestorTitles":["Canvas 空白命中判定"],"fullName":"Canvas 空白命中判定 边缘推动拖拽期间累积增量跨帧保持 edgePush true","status":"passed","title":"边缘推动拖拽期间累积增量跨帧保持 edgePush true","duration":7.525100000000066,"failureMessages":[],"meta":{},"tags":[]},{"ancestorTitles":["Canvas 空白命中判定"],"fullName":"Canvas 空白命中判定 边缘推动 leader DOM 补偿应用到元素","status":"passed","title":"边缘推动 leader DOM 补偿应用到元素","duration":5.210799999999836,"failureMessages":[],"meta":{},"tags":[]},{"ancestorTitles":["Canvas 空白命中判定"],"fullName":"Canvas 空白命中判定 边缘推动 leader 排除后最终位置含累积增量","status":"passed","title":"边缘推动 leader 排除后最终位置含累积增量","duration":6.533500000000004,"failureMessages":[],"meta":{},"tags":[]},{"ancestorTitles":["Canvas 空白命中判定"],"fullName":"Canvas 空白命中判定 edgePush 短暂归零时不会提前清空 leader drag session","status":"passed","title":"edgePush 短暂归零时不会提前清空 leader drag session","duration":5.121000000000095,"failureMessages":[],"meta":{},"tags":[]},{"ancestorTitles":["Canvas 空白命中判定"],"fullName":"Canvas 空白命中判定 top-left 边缘推动在 viewport (0,0) 钳位时不累积幻影增量","status":"passed","title":"top-left 边缘推动在 viewport (0,0) 钳位时不累积幻影增量","duration":4.6995999999999185,"failureMessages":[],"meta":{},"tags":[]},{"ancestorTitles":["Canvas 空白命中判定"],"fullName":"Canvas 空白命中判定 top-left 边缘推动在 viewport (0,0) 时选中便签不因幻影增量移动","status":"passed","title":"top-left 边缘推动在 viewport (0,0) 时选中便签不因幻影增量移动","duration":6.1133000000002085,"failureMessages":[],"meta":{},"tags":[]},{"ancestorTitles":["Canvas 空白命中判定"],"fullName":"Canvas 空白命中判定 窗口失焦时对称清理 dragging、edgePush 与 leader session","status":"passed","title":"窗口失焦时对称清理 dragging、edgePush 与 leader session","duration":8.132599999999911,"failureMessages":[],"meta":{},"tags":[]},{"ancestorTitles":["Canvas 空白命中判定"],"fullName":"Canvas 空白命中判定 窗口失焦会先触发普通便签拖拽收口，再执行全局拖拽清理","status":"passed","title":"窗口失焦会先触发普通便签拖拽收口，再执行全局拖拽清理","duration":8.34530000000018,"failureMessages":[],"meta":{},"tags":[]},{"ancestorTitles":["Canvas 空白命中判定"],"fullName":"Canvas 空白命中判定 document.visibilitychange hidden 对称清理 dragging、edgePush 与 leader session","status":"passed","title":"document.visibilitychange hidden 对称清理 dragging、edgePush 与 leader session","duration":7.75,"failureMessages":[],"meta":{},"tags":[]},{"ancestorTitles":["Canvas 空白命中判定"],"fullName":"Canvas 空白命中判定 document.visibilitychange hidden 会先触发普通便签拖拽收口","status":"passed","title":"document.visibilitychange hidden 会先触发普通便签拖拽收口","duration":10.131200000000035,"failureMessages":[],"meta":{},"tags":[]},{"ancestorTitles":["Canvas 空白命中判定"],"fullName":"Canvas 空白命中判定 sticky drag 失焦时进入 suspended 状态 (visibilitychange hidden)","status":"passed","title":"sticky drag 失焦时进入 suspended 状态 (visibilitychange hidden)","duration":6.706899999999905,"failureMessages":[],"meta":{},"tags":[]},{"ancestorTitles":["Canvas 空白命中判定"],"fullName":"Canvas 空白命中判定 document.visibilitychange visible 不触发清理","status":"passed","title":"document.visibilitychange visible 不触发清理","duration":5.22440000000006,"failureMessages":[],"meta":{},"tags":[]},{"ancestorTitles":["Canvas 空白命中判定"],"fullName":"Canvas 空白命中判定 Space 双击重置视口到原点并退出平移模式","status":"passed","title":"Space 双击重置视口到原点并退出平移模式","duration":7.948199999999815,"failureMessages":[],"meta":{},"tags":[]},{"ancestorTitles":["Canvas 空白命中判定"],"fullName":"Canvas 空白命中判定 Spotlight 打开时 Space 不进入平移模式且不阻止默认行为","status":"passed","title":"Spotlight 打开时 Space 不进入平移模式且不阻止默认行为","duration":4.946299999999837,"failureMessages":[],"meta":{},"tags":[]},{"ancestorTitles":["Canvas 空白命中判定"],"fullName":"Canvas 空白命中判定 contextMenu 事件阻止默认行为并打开菜单","status":"passed","title":"contextMenu 事件阻止默认行为并打开菜单","duration":6.926600000000008,"failureMessages":[],"meta":{},"tags":[]},{"ancestorTitles":["Canvas 空白命中判定"],"fullName":"Canvas 空白命中判定 图片粘贴：单选一个未删除便签时在旁边创建图片便签","status":"passed","title":"图片粘贴：单选一个未删除便签时在旁边创建图片便签","duration":15.994300000000067,"failureMessages":[],"meta":{},"tags":[]},{"ancestorTitles":["Canvas 空白命中判定"],"fullName":"Canvas 空白命中判定 图片粘贴：未选中便签时创建新便签并附加图片","status":"passed","title":"图片粘贴：未选中便签时创建新便签并附加图片","duration":9.973299999999881,"failureMessages":[],"meta":{},"tags":[]},{"ancestorTitles":["Canvas 空白命中判定"],"fullName":"Canvas 空白命中判定 图片粘贴：多选便签时创建新便签而非批量追加","status":"passed","title":"图片粘贴：多选便签时创建新便签而非批量追加","duration":10.40689999999995,"failureMessages":[],"meta":{},"tags":[]},{"ancestorTitles":["Canvas 空白命中判定"],"fullName":"Canvas 空白命中判定 图片粘贴：输入框/文本域内粘贴不触发 saveImageFromSystemClipboard","status":"passed","title":"图片粘贴：输入框/文本域内粘贴不触发 saveImageFromSystemClipboard","duration":6.07730000000015,"failureMessages":[],"meta":{},"tags":[]},{"ancestorTitles":["Canvas 空白命中判定"],"fullName":"Canvas 空白命中判定 图片粘贴：SVG 图片不进入图片路径，回退到文本智能粘贴","status":"passed","title":"图片粘贴：SVG 图片不进入图片路径，回退到文本智能粘贴","duration":7.365399999999909,"failureMessages":[],"meta":{},"tags":[]},{"ancestorTitles":["Canvas 空白命中判定"],"fullName":"Canvas 空白命中判定 文本智能粘贴在图片粘贴实现后仍保持原行为","status":"passed","title":"文本智能粘贴在图片粘贴实现后仍保持原行为","duration":7.08439999999996,"failureMessages":[],"meta":{},"tags":[]},{"ancestorTitles":["Canvas 空白命中判定"],"fullName":"Canvas 空白命中判定 文件拖入 dragover 时阻止浏览器默认行为","status":"passed","title":"文件拖入 dragover 时阻止浏览器默认行为","duration":6.54119999999989,"failureMessages":[],"meta":{},"tags":[]},{"ancestorTitles":["Canvas 空白命中判定"],"fullName":"Canvas 空白命中判定 图片文件拖到已有便签上时提示并仍创建独立图片便签","status":"passed","title":"图片文件拖到已有便签上时提示并仍创建独立图片便签","duration":18.317199999999957,"failureMessages":[],"meta":{},"tags":[]},{"ancestorTitles":["Canvas 空白命中判定"],"fullName":"Canvas 空白命中判定 拖入单张 PNG 到空白画布创建一个带附件的便签","status":"passed","title":"拖入单张 PNG 到空白画布创建一个带附件的便签","duration":13.562000000000126,"failureMessages":[],"meta":{},"tags":[]},{"ancestorTitles":["Canvas 空白命中判定"],"fullName":"Canvas 空白命中判定 拖入无本地路径的 PNG 时走字节写入回退","status":"passed","title":"拖入无本地路径的 PNG 时走字节写入回退","duration":17.615800000000036,"failureMessages":[],"meta":{},"tags":[]},{"ancestorTitles":["Canvas 空白命中判定"],"fullName":"Canvas 空白命中判定 拖入多张图片创建多张层叠便签，一条撤销移除全部","status":"passed","title":"拖入多张图片创建多张层叠便签，一条撤销移除全部","duration":23.58770000000004,"failureMessages":[],"meta":{},"tags":[]},{"ancestorTitles":["Canvas 空白命中判定"],"fullName":"Canvas 空白命中判定 拖入 SVG 和非图片文件被拒绝，不创建便签","status":"passed","title":"拖入 SVG 和非图片文件被拒绝，不创建便签","duration":4.81899999999996,"failureMessages":[],"meta":{},"tags":[]},{"ancestorTitles":["Canvas 空白命中判定"],"fullName":"Canvas 空白命中判定 writeAttachmentFromPath 部分失败时只创建成功的便签","status":"passed","title":"writeAttachmentFromPath 部分失败时只创建成功的便签","duration":22.289299999999912,"failureMessages":[],"meta":{},"tags":[]}],"startTime":1781848521642,"endTime":1781848522235.2893,"status":"passed","message":"","name":"D:/Github/So-Notes/src/components/Canvas.test.tsx"},{"assertionResults":[{"ancestorTitles":["ContextMenu shell 坐标合同"],"fullName":"ContextMenu shell 坐标合同 按 shell 内容区边界夹取菜单位置，并按 shell 原点换算画布坐标","status":"passed","title":"按 shell 内容区边界夹取菜单位置，并按 shell 原点换算画布坐标","duration":51.49790000000007,"failureMessages":[],"meta":{},"tags":[]},{"ancestorTitles":["ContextMenu shell 坐标合同"],"fullName":"ContextMenu shell 坐标合同 确认一键归拢后提供更新时间和颜色归拢入口","status":"passed","title":"确认一键归拢后提供更新时间和颜色归拢入口","duration":11.973400000000083,"failureMessages":[],"meta":{},"tags":[]},{"ancestorTitles":["ContextMenu shell 坐标合同"],"fullName":"ContextMenu shell 坐标合同 单选时画布菜单归拢仍显式整理当前看板全部便签","status":"passed","title":"单选时画布菜单归拢仍显式整理当前看板全部便签","duration":9.906299999999874,"failureMessages":[],"meta":{},"tags":[]},{"ancestorTitles":["ContextMenu shell 坐标合同"],"fullName":"ContextMenu shell 坐标合同 多选便签右键菜单提供合并入口并复用 store action","status":"passed","title":"多选便签右键菜单提供合并入口并复用 store action","duration":8.264099999999871,"failureMessages":[],"meta":{},"tags":[]},{"ancestorTitles":["ContextMenu shell 坐标合同"],"fullName":"ContextMenu shell 坐标合同 单张便签右键菜单仅对可按空行拆分内容显示拆分入口","status":"passed","title":"单张便签右键菜单仅对可按空行拆分内容显示拆分入口","duration":7.08159999999998,"failureMessages":[],"meta":{},"tags":[]},{"ancestorTitles":["ContextMenu shell 坐标合同"],"fullName":"ContextMenu shell 坐标合同 贴近壳右边界时子菜单翻到左侧并限制高度","status":"passed","title":"贴近壳右边界时子菜单翻到左侧并限制高度","duration":17.06490000000008,"failureMessages":[],"meta":{},"tags":[]},{"ancestorTitles":["ContextMenu 撕下便签菜单项"],"fullName":"ContextMenu 撕下便签菜单项 单张便签右键菜单显示撕下便签入口","status":"passed","title":"单张便签右键菜单显示撕下便签入口","duration":7.043799999999919,"failureMessages":[],"meta":{},"tags":[]},{"ancestorTitles":["ContextMenu 撕下便签菜单项"],"fullName":"ContextMenu 撕下便签菜单项 点击撕下便签调用 appController.detachNote","status":"passed","title":"点击撕下便签调用 appController.detachNote","duration":8.33420000000001,"failureMessages":[],"meta":{},"tags":[]},{"ancestorTitles":["ContextMenu 撕下便签菜单项"],"fullName":"ContextMenu 撕下便签菜单项 废纸篓模式下不显示撕下便签入口","status":"passed","title":"废纸篓模式下不显示撕下便签入口","duration":6.75689999999986,"failureMessages":[],"meta":{},"tags":[]},{"ancestorTitles":["ContextMenu 撕下便签菜单项"],"fullName":"ContextMenu 撕下便签菜单项 多选右键菜单不显示撕下便签入口","status":"passed","title":"多选右键菜单不显示撕下便签入口","duration":6.803899999999885,"failureMessages":[],"meta":{},"tags":[]}],"startTime":1781848535983,"endTime":1781848536118.804,"status":"passed","message":"","name":"D:/Github/So-Notes/src/components/ContextMenu.test.tsx"},{"assertionResults":[{"ancestorTitles":["DetachedNoteOverlay 渲染"],"fullName":"DetachedNoteOverlay 渲染 detachedNotes 为空时不渲染任何内容","status":"passed","title":"detachedNotes 为空时不渲染任何内容","duration":15.882900000000063,"failureMessages":[],"meta":{},"tags":[]},{"ancestorTitles":["DetachedNoteOverlay 渲染"],"fullName":"DetachedNoteOverlay 渲染 有 detachedNotes 时通过 portal 渲染到 #overlay-root","status":"passed","title":"有 detachedNotes 时通过 portal 渲染到 #overlay-root","duration":64.12160000000017,"failureMessages":[],"meta":{},"tags":[]},{"ancestorTitles":["DetachedNoteOverlay 渲染"],"fullName":"DetachedNoteOverlay 渲染 控制按钮嵌入便签表面内部而非外置工具条","status":"passed","title":"控制按钮嵌入便签表面内部而非外置工具条","duration":7.2000000000000455,"failureMessages":[],"meta":{},"tags":[]},{"ancestorTitles":["DetachedNoteOverlay 渲染"],"fullName":"DetachedNoteOverlay 渲染 无标题撕下视图保留标题栏空间，避免控制按钮遮挡正文","status":"passed","title":"无标题撕下视图保留标题栏空间，避免控制按钮遮挡正文","duration":6.035200000000032,"failureMessages":[],"meta":{},"tags":[]},{"ancestorTitles":["DetachedNoteOverlay 渲染"],"fullName":"DetachedNoteOverlay 渲染 支持渲染多个撕下视图","status":"passed","title":"支持渲染多个撕下视图","duration":9.106800000000021,"failureMessages":[],"meta":{},"tags":[]},{"ancestorTitles":["DetachedNoteOverlay 渲染"],"fullName":"DetachedNoteOverlay 渲染 每个撕下视图定位在 UI state 中记录的位置","status":"passed","title":"每个撕下视图定位在 UI state 中记录的位置","duration":4.886300000000119,"failureMessages":[],"meta":{},"tags":[]},{"ancestorTitles":["DetachedNoteOverlay 渲染"],"fullName":"DetachedNoteOverlay 渲染 便签不存在时该撕下视图不渲染","status":"passed","title":"便签不存在时该撕下视图不渲染","duration":4.548300000000154,"failureMessages":[],"meta":{},"tags":[]},{"ancestorTitles":["DetachedNoteOverlay 渲染"],"fullName":"DetachedNoteOverlay 渲染 主题切换后撕下视图同步更新深色便签材质","status":"passed","title":"主题切换后撕下视图同步更新深色便签材质","duration":39.503099999999904,"failureMessages":[],"meta":{},"tags":[]},{"ancestorTitles":["DetachedNoteOverlay 渲染"],"fullName":"DetachedNoteOverlay 渲染 #overlay-root 不存在时组件不崩溃","status":"passed","title":"#overlay-root 不存在时组件不崩溃","duration":2.050899999999956,"failureMessages":[],"meta":{},"tags":[]},{"ancestorTitles":["DetachedNoteOverlay 拖拽移动"],"fullName":"DetachedNoteOverlay 拖拽移动 拖拽后更新对应记录的位置","status":"passed","title":"拖拽后更新对应记录的位置","duration":13.953800000000001,"failureMessages":[],"meta":{},"tags":[]},{"ancestorTitles":["DetachedNoteOverlay 拖拽移动"],"fullName":"DetachedNoteOverlay 拖拽移动 在浮层上松开鼠标后停止拖拽","status":"passed","title":"在浮层上松开鼠标后停止拖拽","duration":9.716200000000072,"failureMessages":[],"meta":{},"tags":[]},{"ancestorTitles":["DetachedNoteOverlay 拖拽移动"],"fullName":"DetachedNoteOverlay 拖拽移动 拖拽只影响被拖拽记录的位置，不影响其他记录","status":"passed","title":"拖拽只影响被拖拽记录的位置，不影响其他记录","duration":13.72849999999994,"failureMessages":[],"meta":{},"tags":[]},{"ancestorTitles":["DetachedNoteOverlay 拖拽移动"],"fullName":"DetachedNoteOverlay 拖拽移动 拖拽过程中组件卸载时全局监听器被清理","status":"passed","title":"拖拽过程中组件卸载时全局监听器被清理","duration":8.02630000000022,"failureMessages":[],"meta":{},"tags":[]},{"ancestorTitles":["DetachedNoteOverlay 按钮行为"],"fullName":"DetachedNoteOverlay 按钮行为 点击定位按钮调用 appController.locateDetachedNote","status":"passed","title":"点击定位按钮调用 appController.locateDetachedNote","duration":6.743799999999965,"failureMessages":[],"meta":{},"tags":[]},{"ancestorTitles":["DetachedNoteOverlay 按钮行为"],"fullName":"DetachedNoteOverlay 按钮行为 点击置顶按钮调用 appController.toggleDetachedNotePin","status":"passed","title":"点击置顶按钮调用 appController.toggleDetachedNotePin","duration":4.627799999999979,"failureMessages":[],"meta":{},"tags":[]},{"ancestorTitles":["DetachedNoteOverlay 按钮行为"],"fullName":"DetachedNoteOverlay 按钮行为 点击贴回画布按钮调用 appController.closeDetachedNote","status":"passed","title":"点击贴回画布按钮调用 appController.closeDetachedNote","duration":4.717599999999948,"failureMessages":[],"meta":{},"tags":[]},{"ancestorTitles":["DetachedNoteOverlay 按钮行为"],"fullName":"DetachedNoteOverlay 按钮行为 三个按钮均有可访问的 aria-label","status":"passed","title":"三个按钮均有可访问的 aria-label","duration":3.455400000000054,"failureMessages":[],"meta":{},"tags":[]},{"ancestorTitles":["DetachedNoteOverlay 按钮行为"],"fullName":"DetachedNoteOverlay 按钮行为 按钮 mousedown 不触发浮层拖拽","status":"passed","title":"按钮 mousedown 不触发浮层拖拽","duration":3.503300000000081,"failureMessages":[],"meta":{},"tags":[]},{"ancestorTitles":["DetachedNoteOverlay 按钮行为"],"fullName":"DetachedNoteOverlay 按钮行为 浮层内容事件不会通过 Portal 冒泡到 React 祖先","status":"passed","title":"浮层内容事件不会通过 Portal 冒泡到 React 祖先","duration":4.480600000000095,"failureMessages":[],"meta":{},"tags":[]},{"ancestorTitles":["DetachedNoteOverlay 按钮行为"],"fullName":"DetachedNoteOverlay 按钮行为 浮层 mousedown 捕获阶段聚焦撕下视图","status":"passed","title":"浮层 mousedown 捕获阶段聚焦撕下视图","duration":3.5258000000001175,"failureMessages":[],"meta":{},"tags":[]},{"ancestorTitles":["DetachedNoteOverlay 按钮行为"],"fullName":"DetachedNoteOverlay 按钮行为 置顶状态时 pin 按钮 aria-label 变为取消置顶","status":"passed","title":"置顶状态时 pin 按钮 aria-label 变为取消置顶","duration":4.280099999999948,"failureMessages":[],"meta":{},"tags":[]},{"ancestorTitles":["DetachedNoteOverlay Note 同步"],"fullName":"DetachedNoteOverlay Note 同步 标题变更后撕下视图同步更新","status":"passed","title":"标题变更后撕下视图同步更新","duration":6.108200000000124,"failureMessages":[],"meta":{},"tags":[]},{"ancestorTitles":["DetachedNoteOverlay Note 同步"],"fullName":"DetachedNoteOverlay Note 同步 内容变更后撕下视图同步更新","status":"passed","title":"内容变更后撕下视图同步更新","duration":6.509499999999889,"failureMessages":[],"meta":{},"tags":[]},{"ancestorTitles":["DetachedNoteOverlay Note 同步"],"fullName":"DetachedNoteOverlay Note 同步 颜色变更后撕下视图同步更新","status":"passed","title":"颜色变更后撕下视图同步更新","duration":5.132699999999886,"failureMessages":[],"meta":{},"tags":[]},{"ancestorTitles":["DetachedNoteOverlay Note 同步"],"fullName":"DetachedNoteOverlay Note 同步 折叠状态变更后撕下视图同步更新","status":"passed","title":"折叠状态变更后撕下视图同步更新","duration":5.192999999999984,"failureMessages":[],"meta":{},"tags":[]},{"ancestorTitles":["DetachedNoteOverlay 自动关闭"],"fullName":"DetachedNoteOverlay 自动关闭 便签从 notesById 移除后撕下视图自动关闭","status":"passed","title":"便签从 notesById 移除后撕下视图自动关闭","duration":4.589300000000094,"failureMessages":[],"meta":{},"tags":[]},{"ancestorTitles":["DetachedNoteOverlay 自动关闭"],"fullName":"DetachedNoteOverlay 自动关闭 软删除便签后撕下视图自动关闭","status":"passed","title":"软删除便签后撕下视图自动关闭","duration":4.804699999999912,"failureMessages":[],"meta":{},"tags":[]},{"ancestorTitles":["DetachedNoteOverlay 自动关闭"],"fullName":"DetachedNoteOverlay 自动关闭 多个撕下视图中只有一个因便签消失而关闭","status":"passed","title":"多个撕下视图中只有一个因便签消失而关闭","duration":7.71309999999994,"failureMessages":[],"meta":{},"tags":[]}],"startTime":1781848526619,"endTime":1781848526894.7131,"status":"passed","message":"","name":"D:/Github/So-Notes/src/components/DetachedNoteOverlay.test.tsx"},{"assertionResults":[{"ancestorTitles":["DetachedNoteWindow 按钮行为"],"fullName":"DetachedNoteWindow 按钮行为 快照到达前保持透明占位，避免显示额外窗口壳","status":"passed","title":"快照到达前保持透明占位，避免显示额外窗口壳","duration":22.28060000000005,"failureMessages":[],"meta":{},"tags":[]},{"ancestorTitles":["DetachedNoteWindow 按钮行为"],"fullName":"DetachedNoteWindow 按钮行为 收到快照后渲染 NoteVisuals 与三个按钮","status":"passed","title":"收到快照后渲染 NoteVisuals 与三个按钮","duration":67.13369999999986,"failureMessages":[],"meta":{},"tags":[]},{"ancestorTitles":["DetachedNoteWindow 按钮行为"],"fullName":"DetachedNoteWindow 按钮行为 收到快照后不渲染额外背景与 padding 外壳","status":"passed","title":"收到快照后不渲染额外背景与 padding 外壳","duration":11.227499999999964,"failureMessages":[],"meta":{},"tags":[]},{"ancestorTitles":["DetachedNoteWindow 按钮行为"],"fullName":"DetachedNoteWindow 按钮行为 NoteVisuals 使用默认宽度而非撑满窗口","status":"passed","title":"NoteVisuals 使用默认宽度而非撑满窗口","duration":9.40469999999982,"failureMessages":[],"meta":{},"tags":[]},{"ancestorTitles":["DetachedNoteWindow 按钮行为"],"fullName":"DetachedNoteWindow 按钮行为 快照后渲染 data-tauri-drag-region 拖拽区域","status":"passed","title":"快照后渲染 data-tauri-drag-region 拖拽区域","duration":6.599800000000187,"failureMessages":[],"meta":{},"tags":[]},{"ancestorTitles":["DetachedNoteWindow 按钮行为"],"fullName":"DetachedNoteWindow 按钮行为 按下标题区域时启动 Tauri 窗口拖拽","status":"passed","title":"按下标题区域时启动 Tauri 窗口拖拽","duration":13.231899999999996,"failureMessages":[],"meta":{},"tags":[]},{"ancestorTitles":["DetachedNoteWindow 按钮行为"],"fullName":"DetachedNoteWindow 按钮行为 按下按钮区域时不启动 Tauri 窗口拖拽","status":"passed","title":"按下按钮区域时不启动 Tauri 窗口拖拽","duration":7.1099999999999,"failureMessages":[],"meta":{},"tags":[]},{"ancestorTitles":["DetachedNoteWindow 按钮行为"],"fullName":"DetachedNoteWindow 按钮行为 NoteVisuals 保留圆角，不使用 rounded-none","status":"passed","title":"NoteVisuals 保留圆角，不使用 rounded-none","duration":5.7210999999999785,"failureMessages":[],"meta":{},"tags":[]},{"ancestorTitles":["DetachedNoteWindow 按钮行为"],"fullName":"DetachedNoteWindow 按钮行为 文本撕下窗口不再渲染附件预览","status":"passed","title":"文本撕下窗口不再渲染附件预览","duration":8.582099999999855,"failureMessages":[],"meta":{},"tags":[]},{"ancestorTitles":["DetachedNoteWindow 按钮行为"],"fullName":"DetachedNoteWindow 按钮行为 图片撕下窗口缓存未命中时仍异步解析并渲染图片","status":"passed","title":"图片撕下窗口缓存未命中时仍异步解析并渲染图片","duration":62.80650000000014,"failureMessages":[],"meta":{},"tags":[]},{"ancestorTitles":["DetachedNoteWindow 按钮行为"],"fullName":"DetachedNoteWindow 按钮行为 点击定位按钮向主窗口发送 locate 事件","status":"passed","title":"点击定位按钮向主窗口发送 locate 事件","duration":7.233300000000099,"failureMessages":[],"meta":{},"tags":[]},{"ancestorTitles":["DetachedNoteWindow 按钮行为"],"fullName":"DetachedNoteWindow 按钮行为 点击置顶按钮调用 Rust set_detached_note_always_on_top","status":"passed","title":"点击置顶按钮调用 Rust set_detached_note_always_on_top","duration":8.246200000000044,"failureMessages":[],"meta":{},"tags":[]},{"ancestorTitles":["DetachedNoteWindow 按钮行为"],"fullName":"DetachedNoteWindow 按钮行为 置顶成功后按钮 aria-label 变为取消置顶，样式带 accent 色","status":"passed","title":"置顶成功后按钮 aria-label 变为取消置顶，样式带 accent 色","duration":8.601899999999887,"failureMessages":[],"meta":{},"tags":[]},{"ancestorTitles":["DetachedNoteWindow 按钮行为"],"fullName":"DetachedNoteWindow 按钮行为 再次点击取消置顶","status":"passed","title":"再次点击取消置顶","duration":9.344800000000077,"failureMessages":[],"meta":{},"tags":[]},{"ancestorTitles":["DetachedNoteWindow 按钮行为"],"fullName":"DetachedNoteWindow 按钮行为 点击贴回画布按钮调用 Rust close_detached_note_window","status":"passed","title":"点击贴回画布按钮调用 Rust close_detached_note_window","duration":5.987799999999879,"failureMessages":[],"meta":{},"tags":[]},{"ancestorTitles":["DetachedNoteWindow 按钮行为"],"fullName":"DetachedNoteWindow 按钮行为 按钮 click 不向上传播","status":"passed","title":"按钮 click 不向上传播","duration":8.796299999999974,"failureMessages":[],"meta":{},"tags":[]},{"ancestorTitles":["DetachedNoteWindow 按钮行为"],"fullName":"DetachedNoteWindow 按钮行为 监听器在组件卸载时被清理","status":"passed","title":"监听器在组件卸载时被清理","duration":5.672400000000152,"failureMessages":[],"meta":{},"tags":[]},{"ancestorTitles":["DetachedNoteWindow 尺寸与 ResizeObserver"],"fullName":"DetachedNoteWindow 尺寸与 ResizeObserver ResizeObserver 触发后以固定宽度 260 调用 setSize","status":"passed","title":"ResizeObserver 触发后以固定宽度 260 调用 setSize","duration":6.97160000000008,"failureMessages":[],"meta":{},"tags":[]},{"ancestorTitles":["DetachedNoteWindow 尺寸与 ResizeObserver"],"fullName":"DetachedNoteWindow 尺寸与 ResizeObserver 高度超过上限时 setSize 使用上限值，正文区域添加滚动类","status":"passed","title":"高度超过上限时 setSize 使用上限值，正文区域添加滚动类","duration":9.009000000000015,"failureMessages":[],"meta":{},"tags":[]},{"ancestorTitles":["DetachedNoteWindow 尺寸与 ResizeObserver"],"fullName":"DetachedNoteWindow 尺寸与 ResizeObserver 高度未超限时不添加滚动类","status":"passed","title":"高度未超限时不添加滚动类","duration":6.535200000000032,"failureMessages":[],"meta":{},"tags":[]},{"ancestorTitles":["DetachedNoteWindow 尺寸与 ResizeObserver"],"fullName":"DetachedNoteWindow 尺寸与 ResizeObserver 折叠状态触发小尺寸 setSize","status":"passed","title":"折叠状态触发小尺寸 setSize","duration":6.434300000000121,"failureMessages":[],"meta":{},"tags":[]},{"ancestorTitles":["DetachedNoteWindow 尺寸与 ResizeObserver"],"fullName":"DetachedNoteWindow 尺寸与 ResizeObserver 相同尺寸不重复调用 setSize","status":"passed","title":"相同尺寸不重复调用 setSize","duration":6.2456999999999425,"failureMessages":[],"meta":{},"tags":[]},{"ancestorTitles":["DetachedNoteWindow 尺寸与 ResizeObserver"],"fullName":"DetachedNoteWindow 尺寸与 ResizeObserver 封顶后高度小幅波动时不重复 setSize","status":"passed","title":"封顶后高度小幅波动时不重复 setSize","duration":7.764899999999898,"failureMessages":[],"meta":{},"tags":[]},{"ancestorTitles":["DetachedNoteWindow 尺寸与 ResizeObserver"],"fullName":"DetachedNoteWindow 尺寸与 ResizeObserver 内容明显缩短后退出封顶并恢复自然高度","status":"passed","title":"内容明显缩短后退出封顶并恢复自然高度","duration":7.457699999999932,"failureMessages":[],"meta":{},"tags":[]},{"ancestorTitles":["DetachedNoteWindow 尺寸与 ResizeObserver"],"fullName":"DetachedNoteWindow 尺寸与 ResizeObserver 内容变化后 ResizeObserver 重新触发 setSize","status":"passed","title":"内容变化后 ResizeObserver 重新触发 setSize","duration":5.34089999999992,"failureMessages":[],"meta":{},"tags":[]},{"ancestorTitles":["DetachedNoteWindow 显示窗口行为"],"fullName":"DetachedNoteWindow 显示窗口行为 挂载时立即调用 show_detached_note_window","status":"passed","title":"挂载时立即调用 show_detached_note_window","duration":2.2248000000001866,"failureMessages":[],"meta":{},"tags":[]},{"ancestorTitles":["DetachedNoteWindow 显示窗口行为"],"fullName":"DetachedNoteWindow 显示窗口行为 快照到达时若尚未显示则再次调用 show_detached_note_window","status":"passed","title":"快照到达时若尚未显示则再次调用 show_detached_note_window","duration":11.190000000000055,"failureMessages":[],"meta":{},"tags":[]},{"ancestorTitles":["DetachedNoteWindow 显示窗口行为"],"fullName":"DetachedNoteWindow 显示窗口行为 幂等：show_detached_note_window 不会因快照重复调用","status":"passed","title":"幂等：show_detached_note_window 不会因快照重复调用","duration":4.846499999999878,"failureMessages":[],"meta":{},"tags":[]},{"ancestorTitles":["DetachedNoteWindow 显示窗口行为"],"fullName":"DetachedNoteWindow 显示窗口行为 show 失败后允许后续重试","status":"passed","title":"show 失败后允许后续重试","duration":4.914400000000114,"failureMessages":[],"meta":{},"tags":[]},{"ancestorTitles":["DetachedNoteWindow 显示窗口行为"],"fullName":"DetachedNoteWindow 显示窗口行为 READY emit 在监听器 Promise 解析后才发送","status":"passed","title":"READY emit 在监听器 Promise 解析后才发送","duration":1.6603999999999814,"failureMessages":[],"meta":{},"tags":[]},{"ancestorTitles":["DetachedNoteWindow 显示窗口行为"],"fullName":"DetachedNoteWindow 显示窗口行为 卸载后不再发送 READY emit","status":"passed","title":"卸载后不再发送 READY emit","duration":1.4869000000001051,"failureMessages":[],"meta":{},"tags":[]},{"ancestorTitles":["DetachedNoteWindow 显示窗口行为"],"fullName":"DetachedNoteWindow 显示窗口行为 正文区域类名包含 overflow-x-hidden 和 detached-scroll-area","status":"passed","title":"正文区域类名包含 overflow-x-hidden 和 detached-scroll-area","duration":8.659900000000107,"failureMessages":[],"meta":{},"tags":[]},{"ancestorTitles":["DetachedNoteWindow 显示窗口行为"],"fullName":"DetachedNoteWindow 显示窗口行为 文本内容区域包含 break-words 和 whitespace-pre-wrap","status":"passed","title":"文本内容区域包含 break-words 和 whitespace-pre-wrap","duration":5.956299999999828,"failureMessages":[],"meta":{},"tags":[]},{"ancestorTitles":["DetachedNoteWindow 瞬态视觉提示"],"fullName":"DetachedNoteWindow 瞬态视觉提示 收到首张快照后可见 NoteVisuals 以 isActive 样式渲染","status":"passed","title":"收到首张快照后可见 NoteVisuals 以 isActive 样式渲染","duration":7.985599999999977,"failureMessages":[],"meta":{},"tags":[]},{"ancestorTitles":["DetachedNoteWindow 瞬态视觉提示"],"fullName":"DetachedNoteWindow 瞬态视觉提示 隐藏测量 NoteVisuals 不以 isActive 样式渲染","status":"passed","title":"隐藏测量 NoteVisuals 不以 isActive 样式渲染","duration":5.63799999999992,"failureMessages":[],"meta":{},"tags":[]},{"ancestorTitles":["DetachedNoteWindow 瞬态视觉提示"],"fullName":"DetachedNoteWindow 瞬态视觉提示 首张快照后显示\"悬浮\"徽章","status":"passed","title":"首张快照后显示\"悬浮\"徽章","duration":5.730299999999943,"failureMessages":[],"meta":{},"tags":[]},{"ancestorTitles":["DetachedNoteWindow 瞬态视觉提示"],"fullName":"DetachedNoteWindow 瞬态视觉提示 1600ms 后\"悬浮\"徽章自动消失","status":"passed","title":"1600ms 后\"悬浮\"徽章自动消失","duration":10.279199999999946,"failureMessages":[],"meta":{},"tags":[]},{"ancestorTitles":["DetachedNoteWindow 瞬态视觉提示"],"fullName":"DetachedNoteWindow 瞬态视觉提示 定时器清理不会在卸载后触发 setState","status":"passed","title":"定时器清理不会在卸载后触发 setState","duration":5.99369999999999,"failureMessages":[],"meta":{},"tags":[]},{"ancestorTitles":["DetachedNoteWindow 瞬态视觉提示"],"fullName":"DetachedNoteWindow 瞬态视觉提示 后续快照不会重新触发高亮","status":"passed","title":"后续快照不会重新触发高亮","duration":8.346700000000055,"failureMessages":[],"meta":{},"tags":[]},{"ancestorTitles":["DetachedNoteWindow 瞬态视觉提示"],"fullName":"DetachedNoteWindow 瞬态视觉提示 1600ms 窗口内收到后续快照时，\"悬浮\"徽章仍按时消失","status":"passed","title":"1600ms 窗口内收到后续快照时，\"悬浮\"徽章仍按时消失","duration":7.260999999999967,"failureMessages":[],"meta":{},"tags":[]},{"ancestorTitles":["DetachedNoteWindow 主题同步"],"fullName":"DetachedNoteWindow 主题同步 收到主题事件后同步 detached document 的 dark class 与本地 theme","status":"passed","title":"收到主题事件后同步 detached document 的 dark class 与本地 theme","duration":3.3985999999999876,"failureMessages":[],"meta":{},"tags":[]},{"ancestorTitles":["DetachedNoteWindow 只读回归"],"fullName":"DetachedNoteWindow 只读回归 DetachedNoteWindow 源码不包含 updateNote / updateTitle 等 domain 写入路径","status":"passed","title":"DetachedNoteWindow 源码不包含 updateNote / updateTitle 等 domain 写入路径","duration":1.1577000000002045,"failureMessages":[],"meta":{},"tags":[]},{"ancestorTitles":["DetachedNoteWindow 只读回归"],"fullName":"DetachedNoteWindow 只读回归 DetachedNoteWindow 只 emit READY / LOCATE 风格事件，不写入 domain","status":"passed","title":"DetachedNoteWindow 只 emit READY / LOCATE 风格事件，不写入 domain","duration":0.901299999999992,"failureMessages":[],"meta":{},"tags":[]}],"startTime":1781848525042,"endTime":1781848525464.9014,"status":"passed","message":"","name":"D:/Github/So-Notes/src/components/DetachedNoteWindow.test.tsx"},{"assertionResults":[{"ancestorTitles":["MiniMap 看板隔离"],"fullName":"MiniMap 看板隔离 只渲染当前看板且未删除的便签","status":"passed","title":"只渲染当前看板且未删除的便签","duration":87.36789999999996,"failureMessages":[],"meta":{},"tags":[]},{"ancestorTitles":["MiniMap 看板隔离"],"fullName":"MiniMap 看板隔离 切换看板后立即切换 minimap 便签集合","status":"passed","title":"切换看板后立即切换 minimap 便签集合","duration":16.562200000000075,"failureMessages":[],"meta":{},"tags":[]},{"ancestorTitles":["MiniMap 看板隔离"],"fullName":"MiniMap 看板隔离 当前看板为空时仍保留 viewport 指示器","status":"passed","title":"当前看板为空时仍保留 viewport 指示器","duration":7.225099999999884,"failureMessages":[],"meta":{},"tags":[]},{"ancestorTitles":["MiniMap 看板隔离"],"fullName":"MiniMap 看板隔离 隐藏态 reveal hotspot 显式恢复 pointer-events，同时不阻塞背景画布","status":"passed","title":"隐藏态 reveal hotspot 显式恢复 pointer-events，同时不阻塞背景画布","duration":6.782799999999952,"failureMessages":[],"meta":{},"tags":[]},{"ancestorTitles":["MiniMap 看板隔离"],"fullName":"MiniMap 看板隔离 折叠便签在 MiniMap 上按折叠高度渲染，而不是沿用展开默认高度","status":"passed","title":"折叠便签在 MiniMap 上按折叠高度渲染，而不是沿用展开默认高度","duration":5.742500000000064,"failureMessages":[],"meta":{},"tags":[]},{"ancestorTitles":["MiniMap 看板隔离"],"fullName":"MiniMap 看板隔离 展开便签在 MiniMap 世界边界中按默认高度参与缩放","status":"passed","title":"展开便签在 MiniMap 世界边界中按默认高度参与缩放","duration":3.975599999999986,"failureMessages":[],"meta":{},"tags":[]},{"ancestorTitles":["MiniMap 看板隔离"],"fullName":"MiniMap 看板隔离 MiniMap 视口拖拽在 blur 时立即取消，不再继续更新 viewport","status":"passed","title":"MiniMap 视口拖拽在 blur 时立即取消，不再继续更新 viewport","duration":11.105399999999918,"failureMessages":[],"meta":{},"tags":[]},{"ancestorTitles":["MiniMap 看板隔离"],"fullName":"MiniMap 看板隔离 MiniMap 背景拖动在 visibilitychange 后立即取消，不再继续更新 viewport","status":"passed","title":"MiniMap 背景拖动在 visibilitychange 后立即取消，不再继续更新 viewport","duration":8.91560000000004,"failureMessages":[],"meta":{},"tags":[]},{"ancestorTitles":["MiniMap 看板隔离"],"fullName":"MiniMap 看板隔离 视口拖拽期间禁用 transition，松开后恢复","status":"passed","title":"视口拖拽期间禁用 transition，松开后恢复","duration":6.440399999999954,"failureMessages":[],"meta":{},"tags":[]},{"ancestorTitles":["MiniMap 看板隔离"],"fullName":"MiniMap 看板隔离 视口拖拽期间 blur 清理会恢复 transition","status":"passed","title":"视口拖拽期间 blur 清理会恢复 transition","duration":5.26339999999982,"failureMessages":[],"meta":{},"tags":[]}],"startTime":1781848533180,"endTime":1781848533340.2634,"status":"passed","message":"","name":"D:/Github/So-Notes/src/components/MiniMap.test.tsx"},{"assertionResults":[{"ancestorTitles":["NoteCard 头部交互边界"],"fullName":"NoteCard 头部交互边界 有标题时按钮默认隐藏，悬浮后再显示","status":"passed","title":"有标题时按钮默认隐藏，悬浮后再显示","duration":97.26240000000007,"failureMessages":[],"meta":{},"tags":[]},{"ancestorTitles":["NoteCard 头部交互边界"],"fullName":"NoteCard 头部交互边界 折叠态只保留标题与删除按钮，不渲染复制和颜色按钮","status":"passed","title":"折叠态只保留标题与删除按钮，不渲染复制和颜色按钮","duration":7.64469999999983,"failureMessages":[],"meta":{},"tags":[]},{"ancestorTitles":["NoteCard 头部交互边界"],"fullName":"NoteCard 头部交互边界 折叠态便签的 article 内第一个子元素是 .drag-handle 头部，保证拖拽命中区域","status":"passed","title":"折叠态便签的 article 内第一个子元素是 .drag-handle 头部，保证拖拽命中区域","duration":4.520999999999958,"failureMessages":[],"meta":{},"tags":[]},{"ancestorTitles":["NoteCard 头部交互边界"],"fullName":"NoteCard 头部交互边界 空标题时头部与标题输入共享同一套显隐派生状态","status":"passed","title":"空标题时头部与标题输入共享同一套显隐派生状态","duration":11.514900000000125,"failureMessages":[],"meta":{},"tags":[]},{"ancestorTitles":["NoteCard 头部交互边界"],"fullName":"NoteCard 头部交互边界 深色模式下增强正文、占位符、选中文本与单选态可见性","status":"passed","title":"深色模式下增强正文、占位符、选中文本与单选态可见性","duration":29.284800000000132,"failureMessages":[],"meta":{},"tags":[]},{"ancestorTitles":["NoteCard 头部交互边界"],"fullName":"NoteCard 头部交互边界 正文输入框图片粘贴在当前便签旁创建图片便签，不走文本插入","status":"passed","title":"正文输入框图片粘贴在当前便签旁创建图片便签，不走文本插入","duration":8.434399999999869,"failureMessages":[],"meta":{},"tags":[]},{"ancestorTitles":["NoteCard 头部交互边界"],"fullName":"NoteCard 头部交互边界 标题输入框文本粘贴不拦截，保留原生输入行为","status":"passed","title":"标题输入框文本粘贴不拦截，保留原生输入行为","duration":6.8146999999999025,"failureMessages":[],"meta":{},"tags":[]},{"ancestorTitles":["NoteCard 头部交互边界"],"fullName":"NoteCard 头部交互边界 尺寸拖拽期间禁用 width/height 过渡","status":"passed","title":"尺寸拖拽期间禁用 width/height 过渡","duration":10.022300000000087,"failureMessages":[],"meta":{},"tags":[]},{"ancestorTitles":["NoteCard 头部交互边界"],"fullName":"NoteCard 头部交互边界 折叠态标题与展开态标题保持同一主文本层级","status":"passed","title":"折叠态标题与展开态标题保持同一主文本层级","duration":16.819500000000062,"failureMessages":[],"meta":{},"tags":[]},{"ancestorTitles":["NoteCard 头部交互边界"],"fullName":"NoteCard 头部交互边界 仅双击头部才折叠，正文双击不触发折叠","status":"passed","title":"仅双击头部才折叠，正文双击不触发折叠","duration":8.92489999999998,"failureMessages":[],"meta":{},"tags":[]},{"ancestorTitles":["NoteCard 头部交互边界"],"fullName":"NoteCard 头部交互边界 mouseout 清除 hover 态，box-shadow 回落到默认层级","status":"passed","title":"mouseout 清除 hover 态，box-shadow 回落到默认层级","duration":10.016799999999876,"failureMessages":[],"meta":{},"tags":[]},{"ancestorTitles":["NoteCard 头部交互边界"],"fullName":"NoteCard 头部交互边界 深色模式默认使用 spectrum border，hover 后切到 accent-derived border 且 hover 清除后恢复","status":"passed","title":"深色模式默认使用 spectrum border，hover 后切到 accent-derived border 且 hover 清除后恢复","duration":13.628500000000031,"failureMessages":[],"meta":{},"tags":[]},{"ancestorTitles":["NoteCard 头部交互边界"],"fullName":"NoteCard 头部交互边界 mouseover 时 box-shadow 外层增强而非过度夸张","status":"passed","title":"mouseover 时 box-shadow 外层增强而非过度夸张","duration":7.482099999999946,"failureMessages":[],"meta":{},"tags":[]},{"ancestorTitles":["NoteCard 头部交互边界"],"fullName":"NoteCard 头部交互边界 window blur 清除 hover 态","status":"passed","title":"window blur 清除 hover 态","duration":10.858999999999924,"failureMessages":[],"meta":{},"tags":[]},{"ancestorTitles":["NoteCard 头部交互边界"],"fullName":"NoteCard 头部交互边界 不使用 backdrop-blur 和 backdrop-saturate（仿玻璃方案）","status":"passed","title":"不使用 backdrop-blur 和 backdrop-saturate（仿玻璃方案）","duration":4.260700000000043,"failureMessages":[],"meta":{},"tags":[]},{"ancestorTitles":["NoteCard 头部交互边界"],"fullName":"NoteCard 头部交互边界 hover 态由 React 状态驱动 box-shadow 变化，不依赖 CSS hover 伪类","status":"passed","title":"hover 态由 React 状态驱动 box-shadow 变化，不依赖 CSS hover 伪类","duration":9.814200000000028,"failureMessages":[],"meta":{},"tags":[]},{"ancestorTitles":["NoteCard 头部交互边界"],"fullName":"NoteCard 头部交互边界 visibilitychange hidden 清除 hover 态","status":"passed","title":"visibilitychange hidden 清除 hover 态","duration":9.008100000000013,"failureMessages":[],"meta":{},"tags":[]},{"ancestorTitles":["NoteCard 头部交互边界"],"fullName":"NoteCard 头部交互边界 拖拽在便签内停止时无需重新 mouseover 也会恢复 chrome","status":"passed","title":"拖拽在便签内停止时无需重新 mouseover 也会恢复 chrome","duration":19.045100000000048,"failureMessages":[],"meta":{},"tags":[]},{"ancestorTitles":["NoteCard 头部交互边界"],"fullName":"NoteCard 头部交互边界 拖拽在便签外停止时保持 chrome 隐藏","status":"passed","title":"拖拽在便签外停止时保持 chrome 隐藏","duration":13.9067,"failureMessages":[],"meta":{},"tags":[]},{"ancestorTitles":["NoteCard 头部交互边界"],"fullName":"NoteCard 头部交互边界 拖拽未选中的便签时在拖拽开始阶段收敛选中，清掉陈旧多选高亮","status":"passed","title":"拖拽未选中的便签时在拖拽开始阶段收敛选中，清掉陈旧多选高亮","duration":12.486400000000003,"failureMessages":[],"meta":{},"tags":[]},{"ancestorTitles":["NoteCard 头部交互边界"],"fullName":"NoteCard 头部交互边界 点击拖拽表面置顶不写入领域撤销历史","status":"passed","title":"点击拖拽表面置顶不写入领域撤销历史","duration":7.1177000000000135,"failureMessages":[],"meta":{},"tags":[]},{"ancestorTitles":["NoteCard 头部交互边界"],"fullName":"NoteCard 头部交互边界 普通点击便签主体置顶不写入领域撤销历史","status":"passed","title":"普通点击便签主体置顶不写入领域撤销历史","duration":8.262399999999843,"failureMessages":[],"meta":{},"tags":[]},{"ancestorTitles":["NoteCard 头部交互边界"],"fullName":"NoteCard 头部交互边界 拖拽已在多选里的便签时保留当前多选，继续按组选中拖拽","status":"passed","title":"拖拽已在多选里的便签时保留当前多选，继续按组选中拖拽","duration":11.017699999999877,"failureMessages":[],"meta":{},"tags":[]},{"ancestorTitles":["NoteCard 头部交互边界"],"fullName":"NoteCard 头部交互边界 平移模式不再整卡禁用指针事件，chrome 可恢复显示且不会退化成普通便签交互","status":"passed","title":"平移模式不再整卡禁用指针事件，chrome 可恢复显示且不会退化成普通便签交互","duration":13.418100000000095,"failureMessages":[],"meta":{},"tags":[]},{"ancestorTitles":["NoteCard 头部交互边界"],"fullName":"NoteCard 头部交互边界 平移模式在指针已位于卡片内且未重新 mouseover 时，mousedown 也会恢复 chrome 且不改选中态","status":"passed","title":"平移模式在指针已位于卡片内且未重新 mouseover 时，mousedown 也会恢复 chrome 且不改选中态","duration":8.365400000000136,"failureMessages":[],"meta":{},"tags":[]},{"ancestorTitles":["NoteCard 头部交互边界"],"fullName":"NoteCard 头部交互边界 编辑正文后在失焦时触发临时编辑高亮","status":"passed","title":"编辑正文后在失焦时触发临时编辑高亮","duration":12.108599999999797,"failureMessages":[],"meta":{},"tags":[]},{"ancestorTitles":["NoteCard 头部交互边界"],"fullName":"NoteCard 头部交互边界 不包含 before: 伪元素高光类（C2 已改用 inline 样式）","status":"passed","title":"不包含 before: 伪元素高光类（C2 已改用 inline 样式）","duration":4.672199999999975,"failureMessages":[],"meta":{},"tags":[]},{"ancestorTitles":["NoteCard 头部交互边界"],"fullName":"NoteCard 头部交互边界 article 元素带有 data-note-visuals 属性，证明通过 NoteVisuals 渲染","status":"passed","title":"article 元素带有 data-note-visuals 属性，证明通过 NoteVisuals 渲染","duration":3.9506999999998698,"failureMessages":[],"meta":{},"tags":[]},{"ancestorTitles":["NoteCard 头部交互边界"],"fullName":"NoteCard 头部交互边界 展开图片便签渲染主图预览且不再显示附件条","status":"passed","title":"展开图片便签渲染主图预览且不再显示附件条","duration":8.419300000000021,"failureMessages":[],"meta":{},"tags":[]},{"ancestorTitles":["NoteCard 头部交互边界"],"fullName":"NoteCard 头部交互边界 图片便签复制按钮复制图片本身而不是文件名文本","status":"passed","title":"图片便签复制按钮复制图片本身而不是文件名文本","duration":12.595699999999852,"failureMessages":[],"meta":{},"tags":[]},{"ancestorTitles":["NoteCard 头部交互边界"],"fullName":"NoteCard 头部交互边界 图片便签复制失败时给出可见失败反馈","status":"passed","title":"图片便签复制失败时给出可见失败反馈","duration":10.742299999999886,"failureMessages":[],"meta":{},"tags":[]},{"ancestorTitles":["NoteCard 头部交互边界"],"fullName":"NoteCard 头部交互边界 折叠图片便签不渲染主图预览","status":"passed","title":"折叠图片便签不渲染主图预览","duration":2.611099999999851,"failureMessages":[],"meta":{},"tags":[]},{"ancestorTitles":["NoteCard 头部交互边界"],"fullName":"NoteCard 头部交互边界 展开图片便签点击预览后覆盖层挂载在 document.body 而非便签卡片内部（需先聚焦）","status":"passed","title":"展开图片便签点击预览后覆盖层挂载在 document.body 而非便签卡片内部（需先聚焦）","duration":10.664899999999989,"failureMessages":[],"meta":{},"tags":[]},{"ancestorTitles":["NoteCard 头部交互边界"],"fullName":"NoteCard 头部交互边界 未聚焦的展开图片便签点击预览不打开覆盖层","status":"passed","title":"未聚焦的展开图片便签点击预览不打开覆盖层","duration":5.707699999999932,"failureMessages":[],"meta":{},"tags":[]},{"ancestorTitles":["NoteCard 头部交互边界"],"fullName":"NoteCard 头部交互边界 未聚焦图片便签首次点击主图只聚焦，第二次点击才打开大图","status":"passed","title":"未聚焦图片便签首次点击主图只聚焦，第二次点击才打开大图","duration":10.033500000000004,"failureMessages":[],"meta":{},"tags":[]},{"ancestorTitles":["NoteCard 头部交互边界"],"fullName":"NoteCard 头部交互边界 深色模式视觉样式与 NoteVisuals 独立渲染一致（共享视觉渲染能力）","status":"passed","title":"深色模式视觉样式与 NoteVisuals 独立渲染一致（共享视觉渲染能力）","duration":4.117099999999937,"failureMessages":[],"meta":{},"tags":[]},{"ancestorTitles":["NoteCard 头部交互边界"],"fullName":"NoteCard 头部交互边界 inline backgroundImage 提供静态亚克力表面光泽","status":"passed","title":"inline backgroundImage 提供静态亚克力表面光泽","duration":4.216699999999946,"failureMessages":[],"meta":{},"tags":[]},{"ancestorTitles":["NoteCard 头部交互边界"],"fullName":"NoteCard 头部交互边界 inline boxShadow 含 inset 高光层（亚克力质感）","status":"passed","title":"inline boxShadow 含 inset 高光层（亚克力质感）","duration":6.325199999999995,"failureMessages":[],"meta":{},"tags":[]},{"ancestorTitles":["NoteCard 头部交互边界"],"fullName":"NoteCard 头部交互边界 深色模式 inline boxShadow 同样包含 inset 高光","status":"passed","title":"深色模式 inline boxShadow 同样包含 inset 高光","duration":4.086099999999988,"failureMessages":[],"meta":{},"tags":[]},{"ancestorTitles":["NoteCard 头部交互边界"],"fullName":"NoteCard 头部交互边界 深色模式 inline backgroundImage 使用 accent 径向柔光，而不是只有白色线性高光","status":"passed","title":"深色模式 inline backgroundImage 使用 accent 径向柔光，而不是只有白色线性高光","duration":6.575399999999945,"failureMessages":[],"meta":{},"tags":[]},{"ancestorTitles":["NoteCard 头部交互边界"],"fullName":"NoteCard 头部交互边界 pointercancel 清除 hover 态","status":"passed","title":"pointercancel 清除 hover 态","duration":8.655899999999974,"failureMessages":[],"meta":{},"tags":[]},{"ancestorTitles":["NoteCard 拖拽坐标换算"],"fullName":"NoteCard 拖拽坐标换算 边缘检测将世界坐标换算为屏幕坐标","status":"passed","title":"边缘检测将世界坐标换算为屏幕坐标","duration":0.22039999999992688,"failureMessages":[],"meta":{},"tags":[]},{"ancestorTitles":["NoteCard 拖拽坐标换算"],"fullName":"NoteCard 拖拽坐标换算 组拖拽边缘检测同样扣除当前视口偏移","status":"passed","title":"组拖拽边缘检测同样扣除当前视口偏移","duration":0.12190000000009604,"failureMessages":[],"meta":{},"tags":[]},{"ancestorTitles":["NoteCard 拖拽坐标换算"],"fullName":"NoteCard 拖拽坐标换算 拖拽停止时保留 react-draggable 返回的世界坐标，避免重复叠加视口","status":"passed","title":"拖拽停止时保留 react-draggable 返回的世界坐标，避免重复叠加视口","duration":0.12640000000010332,"failureMessages":[],"meta":{},"tags":[]},{"ancestorTitles":["NoteCard 拖拽坐标换算"],"fullName":"NoteCard 拖拽坐标换算 拖拽停止时仍按屏幕边界夹取后换回世界坐标","status":"passed","title":"拖拽停止时仍按屏幕边界夹取后换回世界坐标","duration":0.10760000000004766,"failureMessages":[],"meta":{},"tags":[]},{"ancestorTitles":["NoteCard TRASH 右键菜单守卫"],"fullName":"NoteCard TRASH 右键菜单守卫 isStatic=true（TRASH 列表）时右键不打开 NOTE 菜单","status":"passed","title":"isStatic=true（TRASH 列表）时右键不打开 NOTE 菜单","duration":6.759800000000041,"failureMessages":[],"meta":{},"tags":[]},{"ancestorTitles":["NoteCard TRASH 右键菜单守卫"],"fullName":"NoteCard TRASH 右键菜单守卫 isStatic=false（BOARD 模式）时右键正常打开 NOTE 菜单","status":"passed","title":"isStatic=false（BOARD 模式）时右键正常打开 NOTE 菜单","duration":5.288600000000088,"failureMessages":[],"meta":{},"tags":[]},{"ancestorTitles":["NoteCard TRASH 右键菜单守卫"],"fullName":"NoteCard TRASH 右键菜单守卫 isStatic=true 时永久删除使用统一确认文案","status":"passed","title":"isStatic=true 时永久删除使用统一确认文案","duration":4.952400000000125,"failureMessages":[],"meta":{},"tags":[]}],"startTime":1781848523454,"endTime":1781848523947.9524,"status":"passed","message":"","name":"D:/Github/So-Notes/src/components/NoteCard.test.tsx"},{"assertionResults":[{"ancestorTitles":["PinFab WindowShell 浮层交互合同"],"fullName":"PinFab WindowShell 浮层交互合同 为取消钉住按钮显式恢复 pointer-events","status":"passed","title":"为取消钉住按钮显式恢复 pointer-events","duration":104.52649999999994,"failureMessages":[],"meta":{},"tags":[]},{"ancestorTitles":["PinFab WindowShell 浮层交互合同"],"fullName":"PinFab WindowShell 浮层交互合同 未钉住时不渲染按钮","status":"passed","title":"未钉住时不渲染按钮","duration":2.7374999999999545,"failureMessages":[],"meta":{},"tags":[]},{"ancestorTitles":["PinFab WindowShell 浮层交互合同"],"fullName":"PinFab WindowShell 浮层交互合同 保持点击与双击的传播保护，并继续调用前端 unpin","status":"passed","title":"保持点击与双击的传播保护，并继续调用前端 unpin","duration":10.227600000000166,"failureMessages":[],"meta":{},"tags":[]}],"startTime":1781848537258,"endTime":1781848537375.2275,"status":"passed","message":"","name":"D:/Github/So-Notes/src/components/PinFab.test.tsx"},{"assertionResults":[{"ancestorTitles":["QuickCaptureOverlay 输入事件"],"fullName":"QuickCaptureOverlay 输入事件 IME 组合中按 Escape 不关闭浮层","status":"passed","title":"IME 组合中按 Escape 不关闭浮层","duration":34.27260000000001,"failureMessages":[],"meta":{},"tags":[]},{"ancestorTitles":["QuickCaptureOverlay 输入事件"],"fullName":"QuickCaptureOverlay 输入事件 非组合状态按 Escape 关闭浮层","status":"passed","title":"非组合状态按 Escape 关闭浮层","duration":7.767499999999927,"failureMessages":[],"meta":{},"tags":[]},{"ancestorTitles":["QuickCaptureOverlay 输入事件"],"fullName":"QuickCaptureOverlay 输入事件 打开时读取剪贴板内容并预填并全选","status":"passed","title":"打开时读取剪贴板内容并预填并全选","duration":107.64979999999991,"failureMessages":[],"meta":{},"tags":[]},{"ancestorTitles":["QuickCaptureOverlay 输入事件"],"fullName":"QuickCaptureOverlay 输入事件 剪贴板为空时不覆盖已有状态","status":"passed","title":"剪贴板为空时不覆盖已有状态","duration":2.7213000000001557,"failureMessages":[],"meta":{},"tags":[]},{"ancestorTitles":["QuickCaptureOverlay 输入事件"],"fullName":"QuickCaptureOverlay 输入事件 Tab 焦点在对话框控件内循环","status":"passed","title":"Tab 焦点在对话框控件内循环","duration":11.62740000000008,"failureMessages":[],"meta":{},"tags":[]},{"ancestorTitles":["QuickCaptureOverlay 输入事件"],"fullName":"QuickCaptureOverlay 输入事件 浮层阻断右键默认菜单","status":"passed","title":"浮层阻断右键默认菜单","duration":3.6202999999998156,"failureMessages":[],"meta":{},"tags":[]},{"ancestorTitles":["QuickCaptureOverlay 输入事件"],"fullName":"QuickCaptureOverlay 输入事件 根层使用壳内绝对定位，避免突破窗口圆角裁剪域","status":"passed","title":"根层使用壳内绝对定位，避免突破窗口圆角裁剪域","duration":2.2472999999999956,"failureMessages":[],"meta":{},"tags":[]},{"ancestorTitles":["QuickCaptureOverlay 输入事件"],"fullName":"QuickCaptureOverlay 输入事件 提交快速捕获时使用统一视口落点","status":"passed","title":"提交快速捕获时使用统一视口落点","duration":7.002500000000055,"failureMessages":[],"meta":{},"tags":[]}],"startTime":1781848529398,"endTime":1781848529575.0024,"status":"passed","message":"","name":"D:/Github/So-Notes/src/components/QuickCaptureOverlay.test.tsx"},{"assertionResults":[{"ancestorTitles":["ScheduledRemoteBackupController"],"fullName":"ScheduledRemoteBackupController 挂载时创建并初始化服务","status":"passed","title":"挂载时创建并初始化服务","duration":15.670900000000074,"failureMessages":[],"meta":{},"tags":[]},{"ancestorTitles":["ScheduledRemoteBackupController"],"fullName":"ScheduledRemoteBackupController 卸载时停止服务并清理订阅","status":"passed","title":"卸载时停止服务并清理订阅","duration":3.4184999999999945,"failureMessages":[],"meta":{},"tags":[]},{"ancestorTitles":["ScheduledRemoteBackupController"],"fullName":"ScheduledRemoteBackupController domain store 变更时调用 notifyLocalChange","status":"passed","title":"domain store 变更时调用 notifyLocalChange","duration":4.7934999999999945,"failureMessages":[],"meta":{},"tags":[]},{"ancestorTitles":["ScheduledRemoteBackupController"],"fullName":"ScheduledRemoteBackupController config enabled 时服务被初始化","status":"passed","title":"config enabled 时服务被初始化","duration":1.7904000000000906,"failureMessages":[],"meta":{},"tags":[]},{"ancestorTitles":["ScheduledRemoteBackupController"],"fullName":"ScheduledRemoteBackupController config disabled 时服务被初始化但不启动调度","status":"passed","title":"config disabled 时服务被初始化但不启动调度","duration":2.9372000000000753,"failureMessages":[],"meta":{},"tags":[]},{"ancestorTitles":["ScheduledRemoteBackupController"],"fullName":"ScheduledRemoteBackupController 卸载后不再响应 domain store 变更","status":"passed","title":"卸载后不再响应 domain store 变更","duration":3.5172999999999774,"failureMessages":[],"meta":{},"tags":[]},{"ancestorTitles":["ScheduledRemoteBackupController"],"fullName":"ScheduledRemoteBackupController 不依赖 BoardDock 状态","status":"passed","title":"不依赖 BoardDock 状态","duration":2.439200000000028,"failureMessages":[],"meta":{},"tags":[]},{"ancestorTitles":["ScheduledRemoteBackupController"],"fullName":"ScheduledRemoteBackupController initialize 未完成时卸载，initialize 完成后不再启动定时器且 stop 被调用","status":"passed","title":"initialize 未完成时卸载，initialize 完成后不再启动定时器且 stop 被调用","duration":2.632799999999861,"failureMessages":[],"meta":{},"tags":[]},{"ancestorTitles":["ScheduledRemoteBackupController"],"fullName":"ScheduledRemoteBackupController 退出前事件传入的 runBeforeExit 调用当前调度服务","status":"passed","title":"退出前事件传入的 runBeforeExit 调用当前调度服务","duration":3.197900000000118,"failureMessages":[],"meta":{},"tags":[]},{"ancestorTitles":["ScheduledRemoteBackupController"],"fullName":"ScheduledRemoteBackupController 退出前调度服务不可用时 runBeforeExit reject，避免未备份就退出","status":"passed","title":"退出前调度服务不可用时 runBeforeExit reject，避免未备份就退出","duration":6.863399999999956,"failureMessages":[],"meta":{},"tags":[]},{"ancestorTitles":["ScheduledRemoteBackupController getAppActivity"],"fullName":"ScheduledRemoteBackupController getAppActivity scheduler 依赖注入了 getAppActivity","status":"passed","title":"scheduler 依赖注入了 getAppActivity","duration":1.6779999999998836,"failureMessages":[],"meta":{},"tags":[]},{"ancestorTitles":["ScheduledRemoteBackupController getAppActivity"],"fullName":"ScheduledRemoteBackupController getAppActivity 无焦点元素时 isTextEditing 为 false","status":"passed","title":"无焦点元素时 isTextEditing 为 false","duration":1.5984000000000833,"failureMessages":[],"meta":{},"tags":[]},{"ancestorTitles":["ScheduledRemoteBackupController getAppActivity"],"fullName":"ScheduledRemoteBackupController getAppActivity input 获焦时 isTextEditing 为 true","status":"passed","title":"input 获焦时 isTextEditing 为 true","duration":2.8804000000000087,"failureMessages":[],"meta":{},"tags":[]},{"ancestorTitles":["ScheduledRemoteBackupController getAppActivity"],"fullName":"ScheduledRemoteBackupController getAppActivity textarea 获焦时 isTextEditing 为 true","status":"passed","title":"textarea 获焦时 isTextEditing 为 true","duration":2.1705000000001746,"failureMessages":[],"meta":{},"tags":[]},{"ancestorTitles":["ScheduledRemoteBackupController getAppActivity"],"fullName":"ScheduledRemoteBackupController getAppActivity contentEditable 元素获焦时 isTextEditing 为 true","status":"passed","title":"contentEditable 元素获焦时 isTextEditing 为 true","duration":1.6811999999999898,"failureMessages":[],"meta":{},"tags":[]},{"ancestorTitles":["ScheduledRemoteBackupController getAppActivity"],"fullName":"ScheduledRemoteBackupController getAppActivity 非编辑元素获焦时 isTextEditing 为 false","status":"passed","title":"非编辑元素获焦时 isTextEditing 为 false","duration":
[...]
lName":"PersistenceFacade pause 委托给活跃句柄","status":"passed","title":"pause 委托给活跃句柄","duration":0.2858999999999696,"failureMessages":[],"meta":{},"tags":[]},{"ancestorTitles":["PersistenceFacade"],"fullName":"PersistenceFacade resume 委托给活跃句柄","status":"passed","title":"resume 委托给活跃句柄","duration":0.27329999999994925,"failureMessages":[],"meta":{},"tags":[]},{"ancestorTitles":["PersistenceFacade"],"fullName":"PersistenceFacade isPaused 委托给活跃句柄","status":"passed","title":"isPaused 委托给活跃句柄","duration":0.3147999999999911,"failureMessages":[],"meta":{},"tags":[]},{"ancestorTitles":["PersistenceFacade"],"fullName":"PersistenceFacade getStatus 委托给活跃句柄","status":"passed","title":"getStatus 委托给活跃句柄","duration":0.19429999999999836,"failureMessages":[],"meta":{},"tags":[]},{"ancestorTitles":["PersistenceFacade"],"fullName":"PersistenceFacade 用新句柄替换旧句柄后，操作委托给新句柄","status":"passed","title":"用新句柄替换旧句柄后，操作委托给新句柄","duration":0.3834999999999127,"failureMessages":[],"meta":{},"tags":[]}],"startTime":1781848569664,"endTime":1781848569673.3835,"status":"passed","message":"","name":"D:/Github/So-Notes/src/services/storage/PersistenceFacade.test.ts"},{"assertionResults":[{"ancestorTitles":["StorageService.bootstrap"],"fullName":"StorageService.bootstrap disk 更新时选择 DISK 来源","status":"passed","title":"disk 更新时选择 DISK 来源","duration":4.181600000000003,"failureMessages":[],"meta":{},"tags":[]},{"ancestorTitles":["StorageService.bootstrap"],"fullName":"StorageService.bootstrap 读取缺少 kind 的旧磁盘便签时按文本便签迁移","status":"passed","title":"读取缺少 kind 的旧磁盘便签时按文本便签迁移","duration":1.788499999999999,"failureMessages":[],"meta":{},"tags":[]},{"ancestorTitles":["StorageService.bootstrap"],"fullName":"StorageService.bootstrap DISK 与 WAL 同时间戳时选择 WAL 来源","status":"passed","title":"DISK 与 WAL 同时间戳时选择 WAL 来源","duration":0.7895999999999503,"failureMessages":[],"meta":{},"tags":[]},{"ancestorTitles":["StorageService.bootstrap"],"fullName":"StorageService.bootstrap 磁盘是较新空快照时选择 DISK 以避免旧 WAL 复活便签","status":"passed","title":"磁盘是较新空快照时选择 DISK 以避免旧 WAL 复活便签","duration":0.5347000000000435,"failureMessages":[],"meta":{},"tags":[]},{"ancestorTitles":["StorageService.bootstrap"],"fullName":"StorageService.bootstrap WAL 是较新空快照时选择 WAL 以保留全部删除结果","status":"passed","title":"WAL 是较新空快照时选择 WAL 以保留全部删除结果","duration":0.8051000000000386,"failureMessages":[],"meta":{},"tags":[]},{"ancestorTitles":["StorageService.bootstrap"],"fullName":"StorageService.bootstrap WAL 缺少 boards 但 notes 可迁移时会选择 WAL 并补齐看板","status":"passed","title":"WAL 缺少 boards 但 notes 可迁移时会选择 WAL 并补齐看板","duration":0.7769000000000688,"failureMessages":[],"meta":{},"tags":[]},{"ancestorTitles":["StorageService.bootstrap"],"fullName":"StorageService.bootstrap WAL 缺少 notes 时不会在归一化阶段抛错","status":"passed","title":"WAL 缺少 notes 时不会在归一化阶段抛错","duration":0.4772000000000389,"failureMessages":[],"meta":{},"tags":[]},{"ancestorTitles":["StorageService.bootstrap"],"fullName":"StorageService.bootstrap WAL notes 包含坏元素时不会阻断 DISK 回退","status":"passed","title":"WAL notes 包含坏元素时不会阻断 DISK 回退","duration":0.621900000000096,"failureMessages":[],"meta":{},"tags":[]},{"ancestorTitles":["StorageService.bootstrap"],"fullName":"StorageService.bootstrap 较新 WAL 迁移失败时会回退到有效 DISK","status":"passed","title":"较新 WAL 迁移失败时会回退到有效 DISK","duration":1.1418999999999642,"failureMessages":[],"meta":{},"tags":[]},{"ancestorTitles":["StorageService.bootstrap"],"fullName":"StorageService.bootstrap WAL 缺少 config 且 boards 非数组时会安全迁移","status":"passed","title":"WAL 缺少 config 且 boards 非数组时会安全迁移","duration":0.7868000000000848,"failureMessages":[],"meta":{},"tags":[]},{"ancestorTitles":["StorageService.bootstrap"],"fullName":"StorageService.bootstrap 双源均无数据时返回 NEW 默认领域","status":"passed","title":"双源均无数据时返回 NEW 默认领域","duration":0.4457000000001017,"failureMessages":[],"meta":{},"tags":[]},{"ancestorTitles":["StorageService.bootstrap"],"fullName":"StorageService.bootstrap 旧版缺少 schemaVersion 和 storageUpdatedAt 的数据被正确规范化","status":"passed","title":"旧版缺少 schemaVersion 和 storageUpdatedAt 的数据被正确规范化","duration":0.30979999999999563,"failureMessages":[],"meta":{},"tags":[]},{"ancestorTitles":["StorageService.bootstrap"],"fullName":"StorageService.bootstrap 迁移：修复负坐标、补齐默认字段、确保 boards 与 currentBoardId 有效","status":"passed","title":"迁移：修复负坐标、补齐默认字段、确保 boards 与 currentBoardId 有效","duration":0.3749000000000251,"failureMessages":[],"meta":{},"tags":[]},{"ancestorTitles":["StorageService.bootstrap"],"fullName":"StorageService.bootstrap boards 为空时回退为默认看板，currentBoardId 被修正","status":"passed","title":"boards 为空时回退为默认看板，currentBoardId 被修正","duration":0.25900000000001455,"failureMessages":[],"meta":{},"tags":[]},{"ancestorTitles":["StorageService.bootstrap"],"fullName":"StorageService.bootstrap 无效磁盘 JSON 不崩溃，回退到 WAL 或 NEW","status":"passed","title":"无效磁盘 JSON 不崩溃，回退到 WAL 或 NEW","duration":0.2767999999999802,"failureMessages":[],"meta":{},"tags":[]},{"ancestorTitles":["StorageService.bootstrap"],"fullName":"StorageService.bootstrap 无效磁盘 JSON 且无 WAL 时返回 NEW","status":"passed","title":"无效磁盘 JSON 且无 WAL 时返回 NEW","duration":0.28120000000001255,"failureMessages":[],"meta":{},"tags":[]},{"ancestorTitles":["StorageService.bootstrap"],"fullName":"StorageService.bootstrap config.maxZ 被校准为 max(现有 maxZ, notes.length)","status":"passed","title":"config.maxZ 被校准为 max(现有 maxZ, notes.length)","duration":0.19980000000009568,"failureMessages":[],"meta":{},"tags":[]},{"ancestorTitles":["StorageService.attach"],"fullName":"StorageService.attach 不写入直到收到 domain bridge 通知","status":"passed","title":"不写入直到收到 domain bridge 通知","duration":1.963700000000017,"failureMessages":[],"meta":{},"tags":[]},{"ancestorTitles":["StorageService.attach"],"fullName":"StorageService.attach bridge 通知后状态变为 dirty","status":"passed","title":"bridge 通知后状态变为 dirty","duration":0.9547000000000025,"failureMessages":[],"meta":{},"tags":[]},{"ancestorTitles":["StorageService.attach"],"fullName":"StorageService.attach WAL 节流合并快速变更","status":"passed","title":"WAL 节流合并快速变更","duration":1.2404000000000224,"failureMessages":[],"meta":{},"tags":[]},{"ancestorTitles":["StorageService.attach"],"fullName":"StorageService.attach Disk 防抖合并快速变更","status":"passed","title":"Disk 防抖合并快速变更","duration":1.0266000000000304,"failureMessages":[],"meta":{},"tags":[]},{"ancestorTitles":["StorageService.attach"],"fullName":"StorageService.attach pause 取消挂起写入并抑制后续领域变更调度","status":"passed","title":"pause 取消挂起写入并抑制后续领域变更调度","duration":0.7386999999999944,"failureMessages":[],"meta":{},"tags":[]},{"ancestorTitles":["StorageService.attach"],"fullName":"StorageService.attach resume 后新的领域变更重新触发持久化调度","status":"passed","title":"resume 后新的领域变更重新触发持久化调度","duration":0.7362000000000535,"failureMessages":[],"meta":{},"tags":[]},{"ancestorTitles":["StorageService.attach"],"fullName":"StorageService.attach pause 后仍允许 flushPersistNow 立即刷新已有脏数据","status":"passed","title":"pause 后仍允许 flushPersistNow 立即刷新已有脏数据","duration":0.5008000000000266,"failureMessages":[],"meta":{},"tags":[]},{"ancestorTitles":["StorageService.attach"],"fullName":"StorageService.attach flushPersistNow 强制立即写入","status":"passed","title":"flushPersistNow 强制立即写入","duration":0.43219999999996617,"failureMessages":[],"meta":{},"tags":[]},{"ancestorTitles":["StorageService.attach"],"fullName":"StorageService.attach flushPersistNow 无脏数据时直接返回 true","status":"passed","title":"flushPersistNow 无脏数据时直接返回 true","duration":0.5287000000000717,"failureMessages":[],"meta":{},"tags":[]},{"ancestorTitles":["StorageService.attach"],"fullName":"StorageService.attach flushPersistNow 会写入 attach 时传入的初始领域状态","status":"passed","title":"flushPersistNow 会写入 attach 时传入的初始领域状态","duration":1.6236000000000104,"failureMessages":[],"meta":{},"tags":[]},{"ancestorTitles":["StorageService.attach"],"fullName":"StorageService.attach flushPersistNow 不会写入空初始领域状态","status":"passed","title":"flushPersistNow 不会写入空初始领域状态","duration":0.4617000000000644,"failureMessages":[],"meta":{},"tags":[]},{"ancestorTitles":["StorageService.attach"],"fullName":"StorageService.attach flushPersistNow 检测到无效领域契约时拒绝写入 WAL 和磁盘","status":"passed","title":"flushPersistNow 检测到无效领域契约时拒绝写入 WAL 和磁盘","duration":0.439899999999966,"failureMessages":[],"meta":{},"tags":[]},{"ancestorTitles":["StorageService.attach"],"fullName":"StorageService.attach 定时写入检测到无效领域契约时拒绝写入 WAL 和磁盘","status":"passed","title":"定时写入检测到无效领域契约时拒绝写入 WAL 和磁盘","duration":0.42479999999989104,"failureMessages":[],"meta":{},"tags":[]},{"ancestorTitles":["StorageService.attach"],"fullName":"StorageService.attach flushPersistNow WAL 失败时返回 false","status":"passed","title":"flushPersistNow WAL 失败时返回 false","duration":0.4963000000000193,"failureMessages":[],"meta":{},"tags":[]},{"ancestorTitles":["StorageService.attach"],"fullName":"StorageService.attach 磁盘 in-flight 时 pending 合并为一次后续写入","status":"passed","title":"磁盘 in-flight 时 pending 合并为一次后续写入","duration":0.7408000000000357,"failureMessages":[],"meta":{},"tags":[]},{"ancestorTitles":["StorageService.attach"],"fullName":"StorageService.attach detach 移除 bridge 监听器和定时器","status":"passed","title":"detach 移除 bridge 监听器和定时器","duration":1.5005000000001019,"failureMessages":[],"meta":{},"tags":[]},{"ancestorTitles":["StorageService.attach"],"fullName":"StorageService.attach visibilitychange hidden 触发 flush","status":"passed","title":"visibilitychange hidden 触发 flush","duration":0.8918999999999642,"failureMessages":[],"meta":{},"tags":[]},{"ancestorTitles":["StorageService.attach"],"fullName":"StorageService.attach onStatusChange 回调在状态变更时被调用","status":"passed","title":"onStatusChange 回调在状态变更时被调用","duration":0.7403000000000475,"failureMessages":[],"meta":{},"tags":[]},{"ancestorTitles":["StorageService.attach"],"fullName":"StorageService.attach onStatusChange WAL 失败时回调 error 状态","status":"passed","title":"onStatusChange WAL 失败时回调 error 状态","duration":0.5127999999999702,"failureMessages":[],"meta":{},"tags":[]},{"ancestorTitles":["StorageService 附件迁移与归一化"],"fullName":"StorageService 附件迁移与归一化 v1 旧数据（无 attachments 字段）安全加载，文本便签不补附件字段","status":"passed","title":"v1 旧数据（无 attachments 字段）安全加载，文本便签不补附件字段","duration":0.6820000000000164,"failureMessages":[],"meta":{},"tags":[]},{"ancestorTitles":["StorageService 附件迁移与归一化"],"fullName":"StorageService 附件迁移与归一化 文本便签上的 AttachmentRef 在迁移后被剔除","status":"passed","title":"文本便签上的 AttachmentRef 在迁移后被剔除","duration":0.2539999999999054,"failureMessages":[],"meta":{},"tags":[]},{"ancestorTitles":["StorageService 附件迁移与归一化"],"fullName":"StorageService 附件迁移与归一化 图片便签上的 AttachmentRef 在迁移后完整保留","status":"passed","title":"图片便签上的 AttachmentRef 在迁移后完整保留","duration":0.5318999999999505,"failureMessages":[],"meta":{},"tags":[]},{"ancestorTitles":["StorageService 附件迁移与归一化"],"fullName":"StorageService 附件迁移与归一化 启动加载图片便签后会预水合图片资源 URL 缓存","status":"passed","title":"启动加载图片便签后会预水合图片资源 URL 缓存","duration":0.34770000000003165,"failureMessages":[],"meta":{},"tags":[]},{"ancestorTitles":["StorageService 附件迁移与归一化"],"fullName":"StorageService 附件迁移与归一化 附件迁移会剥离多余字段，避免二进制残留进入 Domain state","status":"passed","title":"附件迁移会剥离多余字段，避免二进制残留进入 Domain state","duration":0.21649999999999636,"failureMessages":[],"meta":{},"tags":[]},{"ancestorTitles":["StorageService 附件迁移与归一化"],"fullName":"StorageService 附件迁移与归一化 畸形附件条目被过滤，合法条目保留","status":"passed","title":"畸形附件条目被过滤，合法条目保留","duration":0.21029999999996107,"failureMessages":[],"meta":{},"tags":[]},{"ancestorTitles":["StorageService 附件迁移与归一化"],"fullName":"StorageService 附件迁移与归一化 attachments 为非数组值时文本便签剔除附件字段","status":"passed","title":"attachments 为非数组值时文本便签剔除附件字段","duration":0.20679999999993015,"failureMessages":[],"meta":{},"tags":[]},{"ancestorTitles":["StorageService 附件迁移与归一化"],"fullName":"StorageService 附件迁移与归一化 bootstrap 输出 schemaVersion 为 2","status":"passed","title":"bootstrap 输出 schemaVersion 为 2","duration":0.27340000000003783,"failureMessages":[],"meta":{},"tags":[]},{"ancestorTitles":["StorageService 附件迁移与归一化"],"fullName":"StorageService 附件迁移与归一化 WAL 来源数据也经过附件迁移归一化","status":"passed","title":"WAL 来源数据也经过附件迁移归一化","duration":0.2693000000001575,"failureMessages":[],"meta":{},"tags":[]}],"startTime":1781848548950,"endTime":1781848548984.2734,"status":"passed","message":"","name":"D:/Github/So-Notes/src/services/storage/StorageService.test.ts"},{"assertionResults":[{"ancestorTitles":["DataTransferService","exportBoard"],"fullName":"DataTransferService exportBoard 看板不存在时不执行任何操作","status":"passed","title":"看板不存在时不执行任何操作","duration":3.3745999999999867,"failureMessages":[],"meta":{},"tags":[]},{"ancestorTitles":["DataTransferService","exportBoard"],"fullName":"DataTransferService exportBoard 看板存在时调用 saveFile 并传入正确文件名","status":"passed","title":"看板存在时调用 saveFile 并传入正确文件名","duration":2.192800000000034,"failureMessages":[],"meta":{},"tags":[]},{"ancestorTitles":["DataTransferService","exportCurrentBoard"],"fullName":"DataTransferService exportCurrentBoard 导出当前看板","status":"passed","title":"导出当前看板","duration":0.5655000000000427,"failureMessages":[],"meta":{},"tags":[]},{"ancestorTitles":["DataTransferService","exportAll"],"fullName":"DataTransferService exportAll 生成全量备份并使用日期文件名","status":"passed","title":"生成全量备份并使用日期文件名","duration":0.9107000000000198,"failureMessages":[],"meta":{},"tags":[]},{"ancestorTitles":["DataTransferService","exportSelectedNotes"],"fullName":"DataTransferService exportSelectedNotes 无选中项时不执行任何操作","status":"passed","title":"无选中项时不执行任何操作","duration":0.42349999999999,"failureMessages":[],"meta":{},"tags":[]},{"ancestorTitles":["DataTransferService","exportSelectedNotes"],"fullName":"DataTransferService exportSelectedNotes 选中项全部被删除或不存在时不执行任何操作","status":"passed","title":"选中项全部被删除或不存在时不执行任何操作","duration":0.32150000000001455,"failureMessages":[],"meta":{},"tags":[]},{"ancestorTitles":["DataTransferService","exportSelectedNotes"],"fullName":"DataTransferService exportSelectedNotes 过滤掉已删除和不存在的便签后导出有效选中项","status":"passed","title":"过滤掉已删除和不存在的便签后导出有效选中项","duration":0.5003000000000384,"failureMessages":[],"meta":{},"tags":[]},{"ancestorTitles":["DataTransferService","importFromFile"],"fullName":"DataTransferService importFromFile 用户取消文件选择时返回 cancelled","status":"passed","title":"用户取消文件选择时返回 cancelled","duration":0.4572999999999183,"failureMessages":[],"meta":{},"tags":[]},{"ancestorTitles":["DataTransferService","importFromFile"],"fullName":"DataTransferService importFromFile 不支持的版本短路返回错误，不修改状态","status":"passed","title":"不支持的版本短路返回错误，不修改状态","duration":1.986099999999965,"failureMessages":[],"meta":{},"tags":[]},{"ancestorTitles":["DataTransferService","importFromFile"],"fullName":"DataTransferService importFromFile 空看板列表返回 INVALID_STRUCTURE","status":"passed","title":"空看板列表返回 INVALID_STRUCTURE","duration":0.5208000000000084,"failureMessages":[],"meta":{},"tags":[]},{"ancestorTitles":["DataTransferService","importFromFile"],"fullName":"DataTransferService importFromFile 成功导入调用 apply 和 save","status":"passed","title":"成功导入调用 apply 和 save","duration":1.1602000000000317,"failureMessages":[],"meta":{},"tags":[]},{"ancestorTitles":["DataTransferService","importFromFile"],"fullName":"DataTransferService importFromFile 保存失败触发回滚并写入 WAL","status":"passed","title":"保存失败触发回滚并写入 WAL","duration":0.7097999999999729,"failureMessages":[],"meta":{},"tags":[]},{"ancestorTitles":["DataTransferService","importFromFile"],"fullName":"DataTransferService importFromFile WAL 写入失败仍报告 rolledBack","status":"passed","title":"WAL 写入失败仍报告 rolledBack","duration":0.5364999999999327,"failureMessages":[],"meta":{},"tags":[]},{"ancestorTitles":["DataTransferService","附件引用"],"fullName":"DataTransferService 附件引用 导出看板时包含附件引用并剥离多余字段","status":"passed","title":"导出看板时包含附件引用并剥离多余字段","duration":0.9417999999999438,"failureMessages":[],"meta":{},"tags":[]},{"ancestorTitles":["DataTransferService","附件引用"],"fullName":"DataTransferService 附件引用 全量导出包含附件引用","status":"passed","title":"全量导出包含附件引用","duration":0.462099999999964,"failureMessages":[],"meta":{},"tags":[]},{"ancestorTitles":["DataTransferService","附件引用"],"fullName":"DataTransferService 附件引用 导入文本便签时移除附件引用并丢弃无效条目","status":"passed","title":"导入文本便签时移除附件引用并丢弃无效条目","duration":0.5226000000000113,"failureMessages":[],"meta":{},"tags":[]},{"ancestorTitles":["DataTransferService","附件引用"],"fullName":"DataTransferService 附件引用 导入便签无附件时状态不包含 attachments 字段","status":"passed","title":"导入便签无附件时状态不包含 attachments 字段","duration":0.3389000000000806,"failureMessages":[],"meta":{},"tags":[]}],"startTime":1781848554251,"endTime":1781848554267.5227,"status":"passed","message":"","name":"D:/Github/So-Notes/src/services/transfer/DataTransferService.test.ts"},{"assertionResults":[{"ancestorTitles":["Sample Data Factory","generateSampleBoards"],"fullName":"Sample Data Factory generateSampleBoards 应生成指定数量的看板","status":"passed","title":"应生成指定数量的看板","duration":3.7144000000000688,"failureMessages":[],"meta":{},"tags":[]},{"ancestorTitles":["Sample Data Factory","generateSampleBoards"],"fullName":"Sample Data Factory generateSampleBoards 每个看板应有唯一 ID","status":"passed","title":"每个看板应有唯一 ID","duration":1.4381000000000768,"failureMessages":[],"meta":{},"tags":[]},{"ancestorTitles":["Sample Data Factory","generateSampleBoards"],"fullName":"Sample Data Factory generateSampleBoards 应包含必要字段","status":"passed","title":"应包含必要字段","duration":0.7853999999999814,"failureMessages":[],"meta":{},"tags":[]},{"ancestorTitles":["Sample Data Factory","generateSampleNotes"],"fullName":"Sample Data Factory generateSampleNotes 应生成指定数量的便签","status":"passed","title":"应生成指定数量的便签","duration":1.4437000000000353,"failureMessages":[],"meta":{},"tags":[]},{"ancestorTitles":["Sample Data Factory","generateSampleNotes"],"fullName":"Sample Data Factory generateSampleNotes 每个便签应有唯一 ID","status":"passed","title":"每个便签应有唯一 ID","duration":0.6820999999999913,"failureMessages":[],"meta":{},"tags":[]},{"ancestorTitles":["Sample Data Factory","generateSampleNotes"],"fullName":"Sample Data Factory generateSampleNotes 便签应分配到看板","status":"passed","title":"便签应分配到看板","duration":3.7749999999998636,"failureMessages":[],"meta":{},"tags":[]},{"ancestorTitles":["Sample Data Factory","generateSampleNotes"],"fullName":"Sample Data Factory generateSampleNotes 长文本场景应生成较长内容","status":"passed","title":"长文本场景应生成较长内容","duration":0.7666000000001532,"failureMessages":[],"meta":{},"tags":[]},{"ancestorTitles":["Sample Data Factory","generateSampleNotes"],"fullName":"Sample Data Factory generateSampleNotes trash-heavy 场景应有部分在废纸篓","status":"passed","title":"trash-heavy 场景应有部分在废纸篓","duration":0.9545000000000528,"failureMessages":[],"meta":{},"tags":[]},{"ancestorTitles":["Sample Data Factory","generateSampleState"],"fullName":"Sample Data Factory generateSampleState 应生成完整状态","status":"passed","title":"应生成完整状态","duration":1.363800000000083,"failureMessages":[],"meta":{},"tags":[]},{"ancestorTitles":["Sample Data Factory","generateSampleState"],"fullName":"Sample Data Factory generateSampleState currentBoardId 应是看板之一","status":"passed","title":"currentBoardId 应是看板之一","duration":0.487999999999829,"failureMessages":[],"meta":{},"tags":[]},{"ancestorTitles":["Sample Data Factory","generatePresetSample"],"fullName":"Sample Data Factory generatePresetSample 应正确生成 100 条样本","status":"passed","title":"应正确生成 100 条样本","duration":0.6405999999999494,"failureMessages":[],"meta":{},"tags":[]},{"ancestorTitles":["Sample Data Factory","generatePresetSample"],"fullName":"Sample Data Factory generatePresetSample 应正确生成 3000 条样本","status":"passed","title":"应正确生成 3000 条样本","duration":11.696899999999914,"failureMessages":[],"meta":{},"tags":[]},{"ancestorTitles":["Sample Data Factory","generatePresetSample"],"fullName":"Sample Data Factory generatePresetSample 应正确生成长文本样本","status":"passed","title":"应正确生成长文本样本","duration":2.048400000000129,"failureMessages":[],"meta":{},"tags":[]},{"ancestorTitles":["Sample Data Factory","数据可序列化"],"fullName":"Sample Data Factory 数据可序列化 应能被 JSON 序列化和反序列化","status":"passed","title":"应能被 JSON 序列化和反序列化","duration":0.8286000000000513,"failureMessages":[],"meta":{},"tags":[]}],"startTime":1781848550059,"endTime":1781848550090.8286,"status":"passed","message":"","name":"D:/Github/So-Notes/src/test/fixtures/sampleData.test.ts"}]}