{"numTotalTestSuites":34,"numPassedTestSuites":33,"numFailedTestSuites":0,"numPendingTestSuites":1,"numTotalTests":90,"numPassedTests":88,"numFailedTests":0,"numPendingTests":0,"numTodoTests":0,"snapshot":{"added":0,"failure":false,"filesAdded":0,"filesRemoved":0,"filesRemovedList":[],"filesUnmatched":0,"filesUpdated":0,"matched":0,"total":0,"unchecked":0,"uncheckedKeysByFile":[],"unmatched":0,"updated":0,"didUpdate":false},"startTime":1777051760661,"success":true,"testResults":[{"assertionResults":[{"ancestorTitles":["App WindowShell 组合契约"],"fullName":"App WindowShell 组合契约 BOARD 模式下将壳内内容与壳外浮层分离","status":"passed","title":"BOARD 模式下将壳内内容与壳外浮层分离","duration":74.69080000000031,"failureMessages":[],"meta":{},"tags":[]},{"ancestorTitles":["App WindowShell 组合契约"],"fullName":"App WindowShell 组合契约 切换到 TRASH 时保留同一个 WindowShell，只替换内容槽","status":"passed","title":"切换到 TRASH 时保留同一个 WindowShell，只替换内容槽","duration":10.759700000000521,"failureMessages":[],"meta":{},"tags":[]},{"ancestorTitles":["App WindowShell 组合契约"],"fullName":"App WindowShell 组合契约 收到 pin-state-changed 事件后写入全局 pinned 状态","status":"passed","title":"收到 pin-state-changed 事件后写入全局 pinned 状态","duration":6.56590000000142,"failureMessages":[],"meta":{},"tags":[]},{"ancestorTitles":["App WindowShell 组合契约"],"fullName":"App WindowShell 组合契约 WindowShell 内容矩形变化时同步更新 viewport 与 shellRect","status":"passed","title":"WindowShell 内容矩形变化时同步更新 viewport 与 shellRect","duration":7.578700000000026,"failureMessages":[],"meta":{},"tags":[]}],"startTime":1777051770029,"endTime":1777051770128.5786,"status":"passed","message":"","name":"D:/Github/So-Notes/src/App.test.tsx"},{"assertionResults":[{"ancestorTitles":["BoardDock v1.2.4 最小修复"],"fullName":"BoardDock v1.2.4 最小修复 保持共享浮层层级合同顺序稳定","status":"passed","title":"保持共享浮层层级合同顺序稳定","duration":12.130200000000059,"failureMessages":[],"meta":{},"tags":[]},{"ancestorTitles":["BoardDock v1.2.4 最小修复"],"fullName":"BoardDock v1.2.4 最小修复 click-away backdrop 显式恢复 pointer-events，并继续关闭 dock","status":"passed","title":"click-away backdrop 显式恢复 pointer-events，并继续关闭 dock","duration":35.867499999999836,"failureMessages":[],"meta":{},"tags":[]},{"ancestorTitles":["BoardDock v1.2.4 最小修复"],"fullName":"BoardDock v1.2.4 最小修复 右键看板时菜单锚点按容器内真实中心点定位","status":"passed","title":"右键看板时菜单锚点按容器内真实中心点定位","duration":21.767100000000028,"failureMessages":[],"meta":{},"tags":[]},{"ancestorTitles":["BoardDock v1.2.4 最小修复"],"fullName":"BoardDock v1.2.4 最小修复 锚点计算不依赖 transform 后的屏幕坐标","status":"passed","title":"锚点计算不依赖 transform 后的屏幕坐标","duration":10.16820000000007,"failureMessages":[],"meta":{},"tags":[]},{"ancestorTitles":["BoardDock v1.2.4 最小修复"],"fullName":"BoardDock v1.2.4 最小修复 恢复成功后在数据管理区保留局部反馈","status":"passed","title":"恢复成功后在数据管理区保留局部反馈","duration":23.042500000000018,"failureMessages":[],"meta":{},"tags":[]},{"ancestorTitles":["BoardDock v1.2.4 最小修复"],"fullName":"BoardDock v1.2.4 最小修复 保存中状态显示为保存中","status":"passed","title":"保存中状态显示为保存中","duration":18.446300000000065,"failureMessages":[],"meta":{},"tags":[]},{"ancestorTitles":["BoardDock v1.2.4 最小修复"],"fullName":"BoardDock v1.2.4 最小修复 保存失败状态显示失败文案与错误详情","status":"passed","title":"保存失败状态显示失败文案与错误详情","duration":14.194400000000314,"failureMessages":[],"meta":{},"tags":[]},{"ancestorTitles":["BoardDock v1.2.4 最小修复"],"fullName":"BoardDock v1.2.4 最小修复 取消恢复时显示取消反馈","status":"passed","title":"取消恢复时显示取消反馈","duration":18.902500000000146,"failureMessages":[],"meta":{},"tags":[]},{"ancestorTitles":["BoardDock v1.2.4 最小修复"],"fullName":"BoardDock v1.2.4 最小修复 恢复失败时显示错误反馈","status":"passed","title":"恢复失败时显示错误反馈","duration":21.8116,"failureMessages":[],"meta":{},"tags":[]},{"ancestorTitles":["BoardDock v1.2.4 最小修复"],"fullName":"BoardDock v1.2.4 最小修复 写入失败回滚时额外提示已回滚","status":"passed","title":"写入失败回滚时额外提示已回滚","duration":20.51630000000023,"failureMessages":[],"meta":{},"tags":[]},{"ancestorTitles":["BoardDock v1.2.4 最小修复"],"fullName":"BoardDock v1.2.4 最小修复 存在摘要时显示导入计数","status":"passed","title":"存在摘要时显示导入计数","duration":18.92800000000034,"failureMessages":[],"meta":{},"tags":[]},{"ancestorTitles":["BoardDock v1.2.4 最小修复"],"fullName":"BoardDock v1.2.4 最小修复 存在迁移与回退摘要时显示额外说明","status":"passed","title":"存在迁移与回退摘要时显示额外说明","duration":19.124199999999746,"failureMessages":[],"meta":{},"tags":[]},{"ancestorTitles":["BoardDock v1.2.4 最小修复"],"fullName":"BoardDock v1.2.4 最小修复 关闭设置面板后重新打开数据管理时不会残留旧导入反馈","status":"passed","title":"关闭设置面板后重新打开数据管理时不会残留旧导入反馈","duration":30.43040000000019,"failureMessages":[],"meta":{},"tags":[]}],"startTime":1777051762327,"endTime":1777051762593.4304,"status":"passed","message":"","name":"D:/Github/So-Notes/src/components/BoardDock.test.tsx"},{"assertionResults":[{"ancestorTitles":["Canvas 空白命中判定"],"fullName":"Canvas 空白命中判定 双击空白画布时才新建便签","status":"passed","title":"双击空白画布时才新建便签","duration":69.06370000000015,"failureMessages":[],"meta":{},"tags":[]},{"ancestorTitles":["Canvas 空白命中判定"],"fullName":"Canvas 空白命中判定 双击 NoteCard 头部不会被误判为空白画布","status":"passed","title":"双击 NoteCard 头部不会被误判为空白画布","duration":15.95739999999978,"failureMessages":[],"meta":{},"tags":[]},{"ancestorTitles":["Canvas 空白命中判定"],"fullName":"Canvas 空白命中判定 点击头部按钮区不会触发空白命中的清空选择","status":"passed","title":"点击头部按钮区不会触发空白命中的清空选择","duration":12.309999999999945,"failureMessages":[],"meta":{},"tags":[]},{"ancestorTitles":["Canvas 空白命中判定"],"fullName":"Canvas 空白命中判定 点击空白画布仍会触发原有的清空选择逻辑","status":"passed","title":"点击空白画布仍会触发原有的清空选择逻辑","duration":6.8081999999999425,"failureMessages":[],"meta":{},"tags":[]},{"ancestorTitles":["Canvas 空白命中判定"],"fullName":"Canvas 空白命中判定 画布根层不再暴露默认焦点外框","status":"passed","title":"画布根层不再暴露默认焦点外框","duration":7.105000000000018,"failureMessages":[],"meta":{},"tags":[]},{"ancestorTitles":["Canvas 空白命中判定"],"fullName":"Canvas 空白命中判定 非零 shell 偏移下框选框仍按画布局部坐标定位","status":"passed","title":"非零 shell 偏移下框选框仍按画布局部坐标定位","duration":11.07510000000002,"failureMessages":[],"meta":{},"tags":[]},{"ancestorTitles":["Canvas 空白命中判定"],"fullName":"Canvas 空白命中判定 拖拽锁开启时忽略空白画布双击与清空选择","status":"passed","title":"拖拽锁开启时忽略空白画布双击与清空选择","duration":7.389700000000175,"failureMessages":[],"meta":{},"tags":[]},{"ancestorTitles":["Canvas 空白命中判定"],"fullName":"Canvas 空白命中判定 深色模式下框选矩形使用更强的边框与填充可见性","status":"passed","title":"深色模式下框选矩形使用更强的边框与填充可见性","duration":11.446199999999862,"failureMessages":[],"meta":{},"tags":[]},{"ancestorTitles":["Canvas 空白命中判定"],"fullName":"Canvas 空白命中判定 背景平移采用事件驱动 rAF，静止不空转且失焦停机","status":"passed","title":"背景平移采用事件驱动 rAF，静止不空转且失焦停机","duration":7.3478000000000065,"failureMessages":[],"meta":{},"tags":[]}],"startTime":1777051763771,"endTime":1777051763919.348,"status":"passed","message":"","name":"D:/Github/So-Notes/src/components/Canvas.test.tsx"},{"assertionResults":[{"ancestorTitles":["ContextMenu shell 坐标合同"],"fullName":"ContextMenu shell 坐标合同 按 shell 内容区边界夹取菜单位置，并按 shell 原点换算画布坐标","status":"passed","title":"按 shell 内容区边界夹取菜单位置，并按 shell 原点换算画布坐标","duration":44.79939999999988,"failureMessages":[],"meta":{},"tags":[]},{"ancestorTitles":["ContextMenu shell 坐标合同"],"fullName":"ContextMenu shell 坐标合同 贴近壳右边界时子菜单翻到左侧并限制高度","status":"passed","title":"贴近壳右边界时子菜单翻到左侧并限制高度","duration":24.47949999999946,"failureMessages":[],"meta":{},"tags":[]}],"startTime":1777051768718,"endTime":1777051768787.4795,"status":"passed","message":"","name":"D:/Github/So-Notes/src/components/ContextMenu.test.tsx"},{"assertionResults":[{"ancestorTitles":["MiniMap 看板隔离"],"fullName":"MiniMap 看板隔离 只渲染当前看板且未删除的便签","status":"passed","title":"只渲染当前看板且未删除的便签","duration":67.9973,"failureMessages":[],"meta":{},"tags":[]},{"ancestorTitles":["MiniMap 看板隔离"],"fullName":"MiniMap 看板隔离 切换看板后立即切换 minimap 便签集合","status":"passed","title":"切换看板后立即切换 minimap 便签集合","duration":16.348300000000563,"failureMessages":[],"meta":{},"tags":[]},{"ancestorTitles":["MiniMap 看板隔离"],"fullName":"MiniMap 看板隔离 当前看板为空时仍保留 viewport 指示器","status":"passed","title":"当前看板为空时仍保留 viewport 指示器","duration":6.4056000000000495,"failureMessages":[],"meta":{},"tags":[]},{"ancestorTitles":["MiniMap 看板隔离"],"fullName":"MiniMap 看板隔离 隐藏态 reveal hotspot 显式恢复 pointer-events，同时不阻塞背景画布","status":"passed","title":"隐藏态 reveal hotspot 显式恢复 pointer-events，同时不阻塞背景画布","duration":6.233499999999367,"failureMessages":[],"meta":{},"tags":[]}],"startTime":1777051767454,"endTime":1777051767551.2334,"status":"passed","message":"","name":"D:/Github/So-Notes/src/components/MiniMap.test.tsx"},{"assertionResults":[{"ancestorTitles":["NoteCard 头部交互边界"],"fullName":"NoteCard 头部交互边界 有标题时按钮默认隐藏，悬浮后再显示","status":"passed","title":"有标题时按钮默认隐藏，悬浮后再显示","duration":89.32129999999961,"failureMessages":[],"meta":{},"tags":[]},{"ancestorTitles":["NoteCard 头部交互边界"],"fullName":"NoteCard 头部交互边界 折叠态只保留标题与删除按钮，不渲染复制和颜色按钮","status":"passed","title":"折叠态只保留标题与删除按钮，不渲染复制和颜色按钮","duration":7.257800000000316,"failureMessages":[],"meta":{},"tags":[]},{"ancestorTitles":["NoteCard 头部交互边界"],"fullName":"NoteCard 头部交互边界 空标题时头部与标题输入共享同一套显隐派生状态","status":"passed","title":"空标题时头部与标题输入共享同一套显隐派生状态","duration":8.948699999999917,"failureMessages":[],"meta":{},"tags":[]},{"ancestorTitles":["NoteCard 头部交互边界"],"fullName":"NoteCard 头部交互边界 深色模式下增强正文、占位符、选中文本与单选态可见性","status":"passed","title":"深色模式下增强正文、占位符、选中文本与单选态可见性","duration":9.35820000000058,"failureMessages":[],"meta":{},"tags":[]},{"ancestorTitles":["NoteCard 头部交互边界"],"fullName":"NoteCard 头部交互边界 折叠态标题与展开态标题保持同一主文本层级","status":"passed","title":"折叠态标题与展开态标题保持同一主文本层级","duration":7.022100000000137,"failureMessages":[],"meta":{},"tags":[]},{"ancestorTitles":["NoteCard 头部交互边界"],"fullName":"NoteCard 头部交互边界 仅双击头部才折叠，正文双击不触发折叠","status":"passed","title":"仅双击头部才折叠，正文双击不触发折叠","duration":9.36869999999999,"failureMessages":[],"meta":{},"tags":[]}],"startTime":1777051765058,"endTime":1777051765189.3687,"status":"passed","message":"","name":"D:/Github/So-Notes/src/components/NoteCard.test.tsx"},{"assertionResults":[{"ancestorTitles":["PinFab WindowShell 浮层交互合同"],"fullName":"PinFab WindowShell 浮层交互合同 为取消钉住按钮显式恢复 pointer-events","status":"passed","title":"为取消钉住按钮显式恢复 pointer-events","duration":87.4447999999993,"failureMessages":[],"meta":{},"tags":[]},{"ancestorTitles":["PinFab WindowShell 浮层交互合同"],"fullName":"PinFab WindowShell 浮层交互合同 未钉住时不渲染按钮","status":"passed","title":"未钉住时不渲染按钮","duration":2.441100000000006,"failureMessages":[],"meta":{},"tags":[]},{"ancestorTitles":["PinFab WindowShell 浮层交互合同"],"fullName":"PinFab WindowShell 浮层交互合同 保持点击与双击的传播保护，并继续调用前端 unpin","status":"passed","title":"保持点击与双击的传播保护，并继续调用前端 unpin","duration":8.146100000000843,"failureMessages":[],"meta":{},"tags":[]}],"startTime":1777051766259,"endTime":1777051766357.146,"status":"passed","message":"","name":"D:/Github/So-Notes/src/components/PinFab.test.tsx"},{"assertionResults":[{"ancestorTitles":["Spotlight WindowShell 浮层交互合同"],"fullName":"Spotlight WindowShell 浮层交互合同 为 overlay 根层、backdrop 与面板显式恢复 pointer-events，并保持点击 backdrop 关闭","status":"pending","title":"为 overlay 根层、backdrop 与面板显式恢复 pointer-events，并保持点击 backdrop 关闭","failureMessages":[],"meta":{},"tags":[]},{"ancestorTitles":["Spotlight WindowShell 浮层交互合同"],"fullName":"Spotlight WindowShell 浮层交互合同 选择搜索结果后按 viewport 尺寸而不是 window 尺寸居中","status":"pending","title":"选择搜索结果后按 viewport 尺寸而不是 window 尺寸居中","failureMessages":[],"meta":{},"tags":[]}],"startTime":1777051760661,"endTime":1777051760661,"status":"passed","message":"","name":"D:/Github/So-Notes/src/components/Spotlight.test.tsx"},{"assertionResults":[{"ancestorTitles":["WindowShell 内容区测量契约"],"fullName":"WindowShell 内容区测量契约 在内容区尺寸变化时向外同步矩形信息","status":"passed","title":"在内容区尺寸变化时向外同步矩形信息","duration":30.594900000000052,"failureMessages":[],"meta":{},"tags":[]},{"ancestorTitles":["WindowShell 内容区测量契约"],"fullName":"WindowShell 内容区测量契约 壳层启用 isolate 并固定 content/overlay 分层","status":"passed","title":"壳层启用 isolate 并固定 content/overlay 分层","duration":5.764400000000023,"failureMessages":[],"meta":{},"tags":[]}],"startTime":1777051772900,"endTime":1777051772936.7644,"status":"passed","message":"","name":"D:/Github/So-Notes/src/components/WindowShell.test.tsx"},{"assertionResults":[{"ancestorTitles":["dataTransfer 导入契约"],"fullName":"dataTransfer 导入契约 拒绝非法 JSON","status":"passed","title":"拒绝非法 JSON","duration":9.505300000000716,"failureMessages":[],"meta":{},"tags":[]},{"ancestorTitles":["dataTransfer 导入契约"],"fullName":"dataTransfer 导入契约 拒绝不支持的备份版本","status":"passed","title":"拒绝不支持的备份版本","duration":0.6357000000007247,"failureMessages":[],"meta":{},"tags":[]},{"ancestorTitles":["dataTransfer 导入契约"],"fullName":"dataTransfer 导入契约 全量导入时为冲突看板重命名，并保留导入包主板映射","status":"passed","title":"全量导入时为冲突看板重命名，并保留导入包主板映射","duration":2.172599999999875,"failureMessages":[],"meta":{},"tags":[]},{"ancestorTitles":["dataTransfer 导入契约"],"fullName":"dataTransfer 导入契约 单板导入不建议切换当前看板，并为重复导入名称递增后缀","status":"passed","title":"单板导入不建议切换当前看板，并为重复导入名称递增后缀","duration":0.5144999999993161,"failureMessages":[],"meta":{},"tags":[]},{"ancestorTitles":["dataTransfer 导入契约"],"fullName":"dataTransfer 导入契约 多看板导入时保留导入批次相对顺序","status":"passed","title":"多看板导入时保留导入批次相对顺序","duration":1.0558000000000902,"failureMessages":[],"meta":{},"tags":[]},{"ancestorTitles":["dataTransfer 导入契约"],"fullName":"dataTransfer 导入契约 结构有效时允许跳过异常便签，并输出部分成功摘要","status":"passed","title":"结构有效时允许跳过异常便签，并输出部分成功摘要","duration":0.8051999999988766,"failureMessages":[],"meta":{},"tags":[]},{"ancestorTitles":["dataTransfer 导入契约"],"fullName":"dataTransfer 导入契约 旧版备份可迁移兼容，并补全缺失字段与默认看板","status":"passed","title":"旧版备份可迁移兼容，并补全缺失字段与默认看板","duration":1.3400000000001455,"failureMessages":[],"meta":{},"tags":[]},{"ancestorTitles":["dataTransfer 导入契约"],"fullName":"dataTransfer 导入契约 旧版迁移自动补建默认看板时，该看板保持在导入批次首位","status":"passed","title":"旧版迁移自动补建默认看板时，该看板保持在导入批次首位","duration":0.7875999999996566,"failureMessages":[],"meta":{},"tags":[]}],"startTime":1777051775025,"endTime":1777051775041.7876,"status":"passed","message":"","name":"D:/Github/So-Notes/src/utils/dataTransfer.test.ts"},{"assertionResults":[{"ancestorTitles":["深色便签颜色映射"],"fullName":"深色便签颜色映射 为高风险浅色便签返回更稳的深色底色","status":"passed","title":"为高风险浅色便签返回更稳的深色底色","duration":2.8827999999994063,"failureMessages":[],"meta":{},"tags":[]},{"ancestorTitles":["深色便签颜色映射"],"fullName":"深色便签颜色映射 未知颜色在深色模式下回退为中性深底而非发白高亮","status":"passed","title":"未知颜色在深色模式下回退为中性深底而非发白高亮","duration":0.5192999999999302,"failureMessages":[],"meta":{},"tags":[]},{"ancestorTitles":["深色便签颜色映射"],"fullName":"深色便签颜色映射 浅色模式保持原始便签颜色不变","status":"passed","title":"浅色模式保持原始便签颜色不变","duration":0.36930000000029395,"failureMessages":[],"meta":{},"tags":[]}],"startTime":1777051776049,"endTime":1777051776052.5193,"status":"passed","message":"","name":"D:/Github/So-Notes/src/store/types.test.ts"},{"assertionResults":[{"ancestorTitles":["useStore 布局持久化契约"],"fullName":"useStore 布局持久化契约 moveNote 只更新位置，不刷新 updatedAt，也不调度持久化","status":"passed","title":"moveNote 只更新位置，不刷新 updatedAt，也不调度持久化","duration":8.389000000001033,"failureMessages":[],"meta":{},"tags":[]},{"ancestorTitles":["useStore 布局持久化契约"],"fullName":"useStore 布局持久化契约 moveSelectedNotes 只更新选中便签位置，不刷新 updatedAt，也不调度持久化","status":"passed","title":"moveSelectedNotes 只更新选中便签位置，不刷新 updatedAt，也不调度持久化","duration":1.8073999999996886,"failureMessages":[],"meta":{},"tags":[]},{"ancestorTitles":["useStore 布局持久化契约"],"fullName":"useStore 布局持久化契约 finalizeLayoutChange 只刷新受影响便签并通过 debounce 持久化","status":"passed","title":"finalizeLayoutChange 只刷新受影响便签并通过 debounce 持久化","duration":2.1332000000002154,"failureMessages":[],"meta":{},"tags":[]},{"ancestorTitles":["useStore 布局持久化契约"],"fullName":"useStore 布局持久化契约 显式置顶后通过最终提交点刷新 updatedAt 并通过 debounce 持久化","status":"passed","title":"显式置顶后通过最终提交点刷新 updatedAt 并通过 debounce 持久化","duration":1.6278999999994994,"failureMessages":[],"meta":{},"tags":[]},{"ancestorTitles":["useStore 布局持久化契约"],"fullName":"useStore 布局持久化契约 arrangeNotes 会通过统一最终提交点刷新 updatedAt 并通过 debounce 持久化","status":"passed","title":"arrangeNotes 会通过统一最终提交点刷新 updatedAt 并通过 debounce 持久化","duration":1.8509999999987485,"failureMessages":[],"meta":{},"tags":[]},{"ancestorTitles":["useStore 导入契约"],"fullName":"useStore 导入契约 导入不支持版本时短路，不修改状态也不触发持久化","status":"passed","title":"导入不支持版本时短路，不修改状态也不触发持久化","duration":4.826399999999921,"failureMessages":[],"meta":{},"tags":[]},{"ancestorTitles":["useStore 导入契约"],"fullName":"useStore 导入契约 全量导入采用附加式写入并切换到导入包主板","status":"passed","title":"全量导入采用附加式写入并切换到导入包主板","duration":3.0530999999991764,"failureMessages":[],"meta":{},"tags":[]},{"ancestorTitles":["useStore 导入契约"],"fullName":"useStore 导入契约 单板导入默认不抢占当前看板，但会附加写入并清空选择","status":"passed","title":"单板导入默认不抢占当前看板，但会附加写入并清空选择","duration":1.4357999999992899,"failureMessages":[],"meta":{},"tags":[]},{"ancestorTitles":["useStore 导入契约"],"fullName":"useStore 导入契约 多看板导入时保持导入相对顺序，并整体追加到本地末尾","status":"passed","title":"多看板导入时保持导入相对顺序，并整体追加到本地末尾","duration":1.1603999999988446,"failureMessages":[],"meta":{},"tags":[]},{"ancestorTitles":["useStore 导入契约"],"fullName":"useStore 导入契约 导入时允许跳过异常便签，并在结果中返回部分成功摘要","status":"passed","title":"导入时允许跳过异常便签，并在结果中返回部分成功摘要","duration":0.8685999999997875,"failureMessages":[],"meta":{},"tags":[]},{"ancestorTitles":["useStore 导入契约"],"fullName":"useStore 导入契约 旧版备份导入会完成兼容迁移，并返回迁移摘要","status":"passed","title":"旧版备份导入会完成兼容迁移，并返回迁移摘要","duration":3.398700000001554,"failureMessages":[],"meta":{},"tags":[]},{"ancestorTitles":["useStore 导入契约"],"fullName":"useStore 导入契约 旧版迁移自动补建默认看板时，该看板作为导入批次整体追加到本地末尾","status":"passed","title":"旧版迁移自动补建默认看板时，该看板作为导入批次整体追加到本地末尾","duration":1.4240999999983615,"failureMessages":[],"meta":{},"tags":[]},{"ancestorTitles":["useStore 导入契约"],"fullName":"useStore 导入契约 写入本地存储失败时回滚到导入前状态","status":"passed","title":"写入本地存储失败时回滚到导入前状态","duration":1.3259999999991123,"failureMessages":[],"meta":{},"tags":[]},{"ancestorTitles":["useStore 导入契约"],"fullName":"useStore 导入契约 WAL 写入失败时也会回滚到导入前状态","status":"passed","title":"WAL 写入失败时也会回滚到导入前状态","duration":1.7139999999999418,"failureMessages":[],"meta":{},"tags":[]},{"ancestorTitles":["useStore 保存状态可见性契约"],"fullName":"useStore 保存状态可见性契约 保存成功后写入 saved 状态并记录 lastSavedAt","status":"passed","title":"保存成功后写入 saved 状态并记录 lastSavedAt","duration":1.367099999999482,"failureMessages":[],"meta":{},"tags":[]},{"ancestorTitles":["useStore 保存状态可见性契约"],"fullName":"useStore 保存状态可见性契约 WAL 保存失败时写入 error 状态与错误文案","status":"passed","title":"WAL 保存失败时写入 error 状态与错误文案","duration":0.4686999999994441,"failureMessages":[],"meta":{},"tags":[]},{"ancestorTitles":["useStore 保存状态可见性契约"],"fullName":"useStore 保存状态可见性契约 磁盘写入异常时写入 error 状态并透传错误消息","status":"passed","title":"磁盘写入异常时写入 error 状态并透传错误消息","duration":6.425599999998667,"failureMessages":[],"meta":{},"tags":[]},{"ancestorTitles":["useStore 保存状态可见性契约"],"fullName":"useStore 保存状态可见性契约 Rust 侧返回 success:false 时写入 error 状态","status":"passed","title":"Rust 侧返回 success:false 时写入 error 状态","duration":1.0244000000002416,"failureMessages":[],"meta":{},"tags":[]},{"ancestorTitles":["v1.3.0 并发与代际契约"],"fullName":"v1.3.0 并发与代际契约 旧 generationId ACK 不得覆盖最新 UI 状态","status":"passed","title":"旧 generationId ACK 不得覆盖最新 UI 状态","duration":1.5830000000005384,"failureMessages":[],"meta":{},"tags":[]},{"ancestorTitles":["v1.3.0 并发与代际契约"],"fullName":"v1.3.0 并发与代际契约 高频保存下内存与状态不崩溃","status":"passed","title":"高频保存下内存与状态不崩溃","duration":1.3641999999999825,"failureMessages":[],"meta":{},"tags":[]}],"startTime":1777051771740,"endTime":1777051771788.3643,"status":"passed","message":"","name":"D:/Github/So-Notes/src/store/useStore.test.ts"},{"assertionResults":[{"ancestorTitles":["Sample Data Factory","generateSampleBoards"],"fullName":"Sample Data Factory generateSampleBoards 应生成指定数量的看板","status":"passed","title":"应生成指定数量的看板","duration":3.930099999999584,"failureMessages":[],"meta":{},"tags":[]},{"ancestorTitles":["Sample Data Factory","generateSampleBoards"],"fullName":"Sample Data Factory generateSampleBoards 每个看板应有唯一 ID","status":"passed","title":"每个看板应有唯一 ID","duration":0.7395999999989726,"failureMessages":[],"meta":{},"tags":[]},{"ancestorTitles":["Sample Data Factory","generateSampleBoards"],"fullName":"Sample Data Factory generateSampleBoards 应包含必要字段","status":"passed","title":"应包含必要字段","duration":0.5854999999992287,"failureMessages":[],"meta":{},"tags":[]},{"ancestorTitles":["Sample Data Factory","generateSampleNotes"],"fullName":"Sample Data Factory generateSampleNotes 应生成指定数量的便签","status":"passed","title":"应生成指定数量的便签","duration":1.3760000000002037,"failureMessages":[],"meta":{},"tags":[]},{"ancestorTitles":["Sample Data Factory","generateSampleNotes"],"fullName":"Sample Data Factory generateSampleNotes 每个便签应有唯一 ID","status":"passed","title":"每个便签应有唯一 ID","duration":0.6564000000016676,"failureMessages":[],"meta":{},"tags":[]},{"ancestorTitles":["Sample Data Factory","generateSampleNotes"],"fullName":"Sample Data Factory generateSampleNotes 便签应分配到看板","status":"passed","title":"便签应分配到看板","duration":3.694499999999607,"failureMessages":[],"meta":{},"tags":[]},{"ancestorTitles":["Sample Data Factory","generateSampleNotes"],"fullName":"Sample Data Factory generateSampleNotes 长文本场景应生成较长内容","status":"passed","title":"长文本场景应生成较长内容","duration":0.9556000000011409,"failureMessages":[],"meta":{},"tags":[]},{"ancestorTitles":["Sample Data Factory","generateSampleNotes"],"fullName":"Sample Data Factory generateSampleNotes trash-heavy 场景应有部分在废纸篓","status":"passed","title":"trash-heavy 场景应有部分在废纸篓","duration":0.9845000000004802,"failureMessages":[],"meta":{},"tags":[]},{"ancestorTitles":["Sample Data Factory","generateSampleState"],"fullName":"Sample Data Factory generateSampleState 应生成完整状态","status":"passed","title":"应生成完整状态","duration":2.039099999999962,"failureMessages":[],"meta":{},"tags":[]},{"ancestorTitles":["Sample Data Factory","generateSampleState"],"fullName":"Sample Data Factory generateSampleState currentBoardId 应是看板之一","status":"passed","title":"currentBoardId 应是看板之一","duration":0.7867000000005646,"failureMessages":[],"meta":{},"tags":[]},{"ancestorTitles":["Sample Data Factory","generatePresetSample"],"fullName":"Sample Data Factory generatePresetSample 应正确生成 100 条样本","status":"passed","title":"应正确生成 100 条样本","duration":0.6382999999987078,"failureMessages":[],"meta":{},"tags":[]},{"ancestorTitles":["Sample Data Factory","generatePresetSample"],"fullName":"Sample Data Factory generatePresetSample 应正确生成 3000 条样本","status":"passed","title":"应正确生成 3000 条样本","duration":11.906699999999546,"failureMessages":[],"meta":{},"tags":[]},{"ancestorTitles":["Sample Data Factory","generatePresetSample"],"fullName":"Sample Data Factory generatePresetSample 应正确生成长文本样本","status":"passed","title":"应正确生成长文本样本","duration":2.462499999999636,"failureMessages":[],"meta":{},"tags":[]},{"ancestorTitles":["Sample Data Factory","数据可序列化"],"fullName":"Sample Data Factory 数据可序列化 应能被 JSON 序列化和反序列化","status":"passed","title":"应能被 JSON 序列化和反序列化","duration":0.8577000000004773,"failureMessages":[],"meta":{},"tags":[]}],"startTime":1777051773953,"endTime":1777051773985.8577,"status":"passed","message":"","name":"D:/Github/So-Notes/src/test/fixtures/sampleData.test.ts"}]}